204
591
1
1
1
1
1
1
1
1
1
1
1
1
1
1
1
1
1
1
1
1
1
1
1
1
1
1
1
1
1
1
1
1
1
1
1
1
1
1
1
1
1
1
1
1
1
1
1
1
1
1
1
1
1
1
1
1
1
1
1
1
1
1
1
1
1
1
1
1
1
1
1
1
1
1
1
1
1
1
1
1
1
1
1
1
1
1
1
1
1
1
1
1
1
1
1
1
1
1
1
1
1
1
1
1
1
1
1
1
1
1
1
1
1
1
1
1
1
1
1
1
1
1
1
1
1
1
1
1
1
1
1
1
1
1
1
1
1
1
1
1
1
1
1
1
1
1
1
1
1
1
1
1
1
1
1
1
1
1
1
1
1
1
1
1
1
1
1
1
1
1
1
1
1
1
1
1
1
1
1
1
1
1
1
1
1
1
1
1
1
1
1
1
1
1
1
1
1
1
1
1
1
1
1
1
4 0 95 (3360.000000 3196.000000 512.000000) (3360.000000 3196.000000 544.000000) (2106.180000 3196.000000 544.000000) (2106.180000 3196.000000 512.000000) 
4 0 9 (2106.180000 3196.000000 512.000000) (2106.180000 3196.000000 544.000000) (2106.180000 4096.000000 544.000000) (2106.180000 4096.000000 512.000000) 
4 0 2 (2106.180000 4054.580000 512.000000) (2106.180000 4096.000000 512.000000) (3328.000000 4096.000000 512.000000) (3328.000000 4054.580000 512.000000) 
4 0 1 (3360.000000 4096.000000 512.000000) (3360.000000 3196.000000 512.000000) (3328.000000 3196.000000 512.000000) (3328.000000 4096.000000 512.000000) 
4 1 96 (3360.000000 3196.000000 -1392.000000) (3360.000000 3196.000000 512.000000) (3328.000000 3196.000000 512.000000) (3328.000000 3196.000000 -1392.000000) 
4 1 8 (3360.000000 4096.000000 -1392.000000) (3360.000000 3196.000000 -1392.000000) (3328.000000 3196.000000 -1392.000000) (3328.000000 4096.000000 -1392.000000) 
4 1 2 (3328.000000 4096.000000 512.000000) (3328.000000 4096.000000 -1392.000000) (3328.000000 4054.580000 -1392.000000) (3328.000000 4054.580000 512.000000) 
4 2 16 (2106.180000 4096.000000 -32.000000) (2106.180000 4096.000000 -1392.000000) (2106.180000 4054.580000 -1392.000000) (2106.180000 4054.580000 -32.000000) 
4 2 10 (2106.180000 4054.580000 512.000000) (2106.180000 4096.000000 512.000000) (2106.180000 4096.000000 -32.000000) (2106.180000 4054.580000 -32.000000) 
4 2 8 (2106.180000 4054.580000 -1392.000000) (2106.180000 4096.000000 -1392.000000) (3328.000000 4096.000000 -1392.000000) (3328.000000 4054.580000 -1392.000000) 
4 3 17 (2106.180000 4054.580000 -32.000000) (2106.180000 4054.580000 -1392.000000) (2106.180000 3791.000000 -1392.000000) (2106.180000 3791.000000 -32.000000) 
4 3 11 (2106.180000 3791.000000 512.000000) (2106.180000 4054.580000 512.000000) (2106.180000 4054.580000 -32.000000) (2106.180000 3791.000000 -32.000000) 
4 3 5 (2106.180000 3791.000000 512.000000) (2106.180000 3791.000000 224.000000) (2253.000000 3791.000000 224.000000) (2253.000000 3791.000000 512.000000) 
4 3 6 (2106.180000 3791.000000 -1056.000000) (2106.180000 3791.000000 -1392.000000) (2253.000000 3791.000000 -1392.000000) (2253.000000 3791.000000 -1056.000000) 
4 3 4 (2253.000000 3791.000000 -1392.000000) (3328.000000 3791.000000 -1392.000000) (3328.000000 3791.000000 512.000000) (2253.000000 3791.000000 512.000000) 
4 4 5 (2253.000000 3791.000000 512.000000) (2253.000000 3791.000000 224.000000) (2253.000000 3215.000000 224.000000) (2253.000000 3215.000000 512.000000) 
4 4 6 (2253.000000 3791.000000 -1056.000000) (2253.000000 3791.000000 -1392.000000) (2253.000000 3215.000000 -1392.000000) (2253.000000 3215.000000 -1056.000000) 
4 4 7 (2253.000000 3215.000000 -1392.000000) (3328.000000 3215.000000 -1392.000000) (3328.000000 3215.000000 512.000000) (2253.000000 3215.000000 512.000000) 
4 5 12 (2106.180000 3215.000000 512.000000) (2106.180000 3791.000000 512.000000) (2106.180000 3791.000000 224.000000) (2106.180000 3215.000000 224.000000) 
4 5 7 (2253.000000 3215.000000 224.000000) (2253.000000 3215.000000 512.000000) (2106.180000 3215.000000 512.000000) (2106.180000 3215.000000 224.000000) 
4 6 18 (2106.180000 3791.000000 -1056.000000) (2106.180000 3791.000000 -1392.000000) (2106.180000 3215.000000 -1392.000000) (2106.180000 3215.000000 -1056.000000) 
4 6 7 (2106.180000 3215.000000 -1392.000000) (2253.000000 3215.000000 -1392.000000) (2253.000000 3215.000000 -1056.000000) (2106.180000 3215.000000 -1056.000000) 
4 7 97 (3328.000000 3196.000000 512.000000) (2106.180000 3196.000000 512.000000) (2106.180000 3196.000000 -1392.000000) (3328.000000 3196.000000 -1392.000000) 
4 7 22 (2106.180000 3196.000000 -1392.000000) (2106.180000 3196.000000 -32.000000) (2106.180000 3215.000000 -32.000000) (2106.180000 3215.000000 -1392.000000) 
4 7 14 (2106.180000 3196.000000 -32.000000) (2106.180000 3196.000000 512.000000) (2106.180000 3215.000000 512.000000) (2106.180000 3215.000000 -32.000000) 
4 8 99 (3360.000000 3196.000000 -1424.000000) (3360.000000 3196.000000 -1392.000000) (2106.180000 3196.000000 -1392.000000) (2106.180000 3196.000000 -1424.000000) 
4 8 23 (2106.180000 3196.000000 -1424.000000) (2106.180000 3196.000000 -1392.000000) (2106.180000 4096.000000 -1392.000000) (2106.180000 4096.000000 -1424.000000) 
4 9 95 (2106.180000 3196.000000 512.000000) (2106.180000 3196.000000 544.000000) (1473.860000 3196.000000 544.000000) (1473.860000 3196.000000 512.000000) 
4 9 24 (1473.860000 3196.000000 512.000000) (1473.860000 3196.000000 544.000000) (1473.860000 4096.000000 544.000000) (1473.860000 4096.000000 512.000000) 
4 9 10 (1473.860000 4054.580000 512.000000) (1473.860000 4096.000000 512.000000) (2106.180000 4096.000000 512.000000) (2106.180000 4054.580000 512.000000) 
4 10 25 (1473.860000 4054.580000 512.000000) (1473.860000 4096.000000 512.000000) (1473.860000 4096.000000 -32.000000) (1473.860000 4054.580000 -32.000000) 
4 10 16 (1473.860000 4054.580000 -32.000000) (1473.860000 4096.000000 -32.000000) (2106.180000 4096.000000 -32.000000) (2106.180000 4054.580000 -32.000000) 
4 11 26 (1473.860000 3791.000000 512.000000) (1473.860000 4054.580000 512.000000) (1473.860000 4054.580000 -32.000000) (1473.860000 3791.000000 -32.000000) 
4 11 17 (1473.860000 3791.000000 -32.000000) (1473.860000 4054.580000 -32.000000) (2106.180000 4054.580000 -32.000000) (2106.180000 3791.000000 -32.000000) 
4 11 13 (1767.510000 3791.000000 512.000000) (1620.690000 3791.000000 512.000000) (1620.690000 3791.000000 224.000000) (1767.510000 3791.000000 224.000000) 
4 11 12 (2106.180000 3791.000000 -32.000000) (2106.180000 3791.000000 512.000000) (1767.510000 3791.000000 512.000000) (1767.510000 3791.000000 -32.000000) 
4 11 15 (1620.690000 3791.000000 512.000000) (1473.860000 3791.000000 512.000000) (1473.860000 3791.000000 -32.000000) (1620.690000 3791.000000 -32.000000) 
4 12 19 (1767.510000 3791.000000 -32.000000) (1861.470000 3791.000000 -32.000000) (1861.470000 3215.000000 -32.000000) (1767.510000 3215.000000 -32.000000) 
4 12 18 (1959.360000 3791.000000 -32.000000) (2106.180000 3791.000000 -32.000000) (2106.180000 3215.000000 -32.000000) (1959.360000 3215.000000 -32.000000) 
4 12 13 (1767.510000 3791.000000 512.000000) (1767.510000 3791.000000 224.000000) (1767.510000 3215.000000 224.000000) (1767.510000 3215.000000 512.000000) 
4 12 14 (1767.510000 3215.000000 -32.000000) (2106.180000 3215.000000 -32.000000) (2106.180000 3215.000000 512.000000) (1767.510000 3215.000000 512.000000) 
4 13 15 (1620.690000 3791.000000 512.000000) (1620.690000 3791.000000 224.000000) (1620.690000 3215.000000 224.000000) (1620.690000 3215.000000 512.000000) 
4 13 14 (1767.510000 3215.000000 224.000000) (1767.510000 3215.000000 512.000000) (1620.690000 3215.000000 512.000000) (1620.690000 3215.000000 224.000000) 
4 14 97 (2106.180000 3196.000000 -32.000000) (2106.180000 3196.000000 512.000000) (1620.690000 3196.000000 512.000000) (1620.690000 3196.000000 -32.000000) 
4 14 22 (2106.180000 3215.000000 -32.000000) (2106.180000 3196.000000 -32.000000) (1620.690000 3196.000000 -32.000000) (1620.690000 3215.000000 -32.000000) 
4 14 15 (1620.690000 3215.000000 -32.000000) (1620.690000 3196.000000 -32.000000) (1620.690000 3196.000000 512.000000) (1620.690000 3215.000000 512.000000) 
4 15 97 (1620.690000 3196.000000 512.000000) (1473.860000 3196.000000 512.000000) (1473.860000 3196.000000 -32.000000) (1620.690000 3196.000000 -32.000000) 
4 15 28 (1473.860000 3215.000000 224.000000) (1473.860000 3791.000000 224.000000) (1473.860000 3791.000000 -32.000000) (1473.860000 3215.000000 -32.000000) 
4 15 31 (1473.860000 3196.000000 -32.000000) (1473.860000 3196.000000 224.000000) (1473.860000 3215.000000 224.000000) (1473.860000 3215.000000 -32.000000) 
4 15 27 (1473.860000 3196.000000 224.000000) (1473.860000 3196.000000 512.000000) (1473.860000 3791.000000 512.000000) (1473.860000 3791.000000 224.000000) 
4 15 21 (1473.860000 3215.000000 -32.000000) (1473.860000 3791.000000 -32.000000) (1620.690000 3791.000000 -32.000000) (1620.690000 3215.000000 -32.000000) 
4 15 22 (1473.860000 3196.000000 -32.000000) (1473.860000 3215.000000 -32.000000) (1620.690000 3215.000000 -32.000000) (1620.690000 3196.000000 -32.000000) 
4 16 32 (1473.860000 4054.580000 -32.000000) (1473.860000 4096.000000 -32.000000) (1473.860000 4096.000000 -1392.000000) (1473.860000 4054.580000 -1392.000000) 
4 16 23 (1473.860000 4054.580000 -1392.000000) (1473.860000 4096.000000 -1392.000000) (2106.180000 4096.000000 -1392.000000) (2106.180000 4054.580000 -1392.000000) 
4 17 33 (1473.860000 3791.000000 -32.000000) (1473.860000 4054.580000 -32.000000) (1473.860000 4054.580000 -1392.000000) (1473.860000 3791.000000 -1392.000000) 
4 17 19 (1861.470000 3791.000000 -32.000000) (1767.510000 3791.000000 -32.000000) (1767.510000 3791.000000 -1056.000000) (1861.470000 3791.000000 -1056.000000) 
4 17 20 (1620.690000 3791.000000 -1056.000000) (1620.690000 3791.000000 -1392.000000) (1959.360000 3791.000000 -1392.000000) (1959.360000 3791.000000 -1056.000000) 
4 17 21 (1620.690000 3791.000000 -32.000000) (1473.860000 3791.000000 -32.000000) (1473.860000 3791.000000 -1392.000000) (1620.690000 3791.000000 -1392.000000) 
4 17 18 (2106.180000 3791.000000 -1392.000000) (2106.180000 3791.000000 -32.000000) (1959.360000 3791.000000 -32.000000) (1959.360000 3791.000000 -1392.000000) 
4 18 20 (1959.360000 3791.000000 -1392.000000) (1959.360000 3215.000000 -1392.000000) (1959.360000 3215.000000 -1056.000000) (1959.360000 3791.000000 -1056.000000) 
4 18 22 (1959.360000 3215.000000 -1392.000000) (2106.180000 3215.000000 -1392.000000) (2106.180000 3215.000000 -32.000000) (1959.360000 3215.000000 -32.000000) 
4 19 22 (1861.470000 3215.000000 -32.000000) (1767.510000 3215.000000 -32.000000) (1767.510000 3215.000000 -1056.000000) (1861.470000 3215.000000 -1056.000000) 
4 19 20 (1767.510000 3791.000000 -1056.000000) (1861.470000 3791.000000 -1056.000000) (1861.470000 3215.000000 -1056.000000) (1767.510000 3215.000000 -1056.000000) 
4 20 21 (1620.690000 3791.000000 -1056.000000) (1620.690000 3791.000000 -1392.000000) (1620.690000 3215.000000 -1392.000000) (1620.690000 3215.000000 -1056.000000) 
4 20 22 (1620.690000 3215.000000 -1392.000000) (1959.360000 3215.000000 -1392.000000) (1959.360000 3215.000000 -1056.000000) (1620.690000 3215.000000 -1056.000000) 
4 21 38 (1473.860000 3791.000000 -1056.000000) (1473.860000 3791.000000 -1392.000000) (1473.860000 3215.000000 -1392.000000) (1473.860000 3215.000000 -1056.000000) 
4 21 22 (1473.860000 3215.000000 -32.000000) (1473.860000 3215.000000 -1392.000000) (1620.690000 3215.000000 -1392.000000) (1620.690000 3215.000000 -32.000000) 
4 22 97 (2106.180000 3196.000000 -1392.000000) (2106.180000 3196.000000 -32.000000) (1473.860000 3196.000000 -32.000000) (1473.860000 3196.000000 -1392.000000) 
4 22 39 (1473.860000 3196.000000 -1392.000000) (1473.860000 3196.000000 -32.000000) (1473.860000 3215.000000 -32.000000) (1473.860000 3215.000000 -1392.000000) 
4 23 99 (2106.180000 3196.000000 -1424.000000) (2106.180000 3196.000000 -1392.000000) (1473.860000 3196.000000 -1392.000000) (1473.860000 3196.000000 -1424.000000) 
4 23 40 (1473.860000 3196.000000 -1424.000000) (1473.860000 3196.000000 -1392.000000) (1473.860000 4096.000000 -1392.000000) (1473.860000 4096.000000 -1424.000000) 
4 24 95 (1473.860000 3196.000000 512.000000) (1473.860000 3196.000000 544.000000) (502.881000 3196.000000 544.000000) (502.881000 3196.000000 512.000000) 
4 24 41 (502.881000 3196.000000 512.000000) (502.881000 3196.000000 544.000000) (502.881000 4096.000000 544.000000) (502.881000 4096.000000 512.000000) 
4 24 25 (502.881000 4054.580000 512.000000) (502.881000 4096.000000 512.000000) (1473.860000 4096.000000 512.000000) (1473.860000 4054.580000 512.000000) 
4 25 42 (502.881000 4096.000000 -32.000000) (502.881000 4054.580000 -32.000000) (502.881000 4054.580000 512.000000) (502.881000 4096.000000 512.000000) 
4 25 32 (502.881000 4054.580000 -32.000000) (502.881000 4096.000000 -32.000000) (1473.860000 4096.000000 -32.000000) (1473.860000 4054.580000 -32.000000) 
4 26 43 (502.881000 4054.580000 -32.000000) (502.881000 3791.000000 -32.000000) (502.881000 3791.000000 512.000000) (502.881000 4054.580000 512.000000) 
4 26 33 (502.881000 3791.000000 -32.000000) (502.881000 4054.580000 -32.000000) (1473.860000 4054.580000 -32.000000) (1473.860000 3791.000000 -32.000000) 
4 26 30 (502.881000 3791.000000 224.000000) (502.881000 3791.000000 -32.000000) (649.703000 3791.000000 -32.000000) (649.703000 3791.000000 224.000000) 
4 26 29 (796.525000 3791.000000 -32.000000) (1150.860000 3791.000000 -32.000000) (1150.860000 3791.000000 224.000000) (796.525000 3791.000000 224.000000) 
4 26 28 (1297.680000 3791.000000 -32.000000) (1473.860000 3791.000000 -32.000000) (1473.860000 3791.000000 224.000000) (1297.680000 3791.000000 224.000000) 
4 26 27 (502.881000 3791.000000 512.000000) (502.881000 3791.000000 224.000000) (1473.860000 3791.000000 224.000000) (1473.860000 3791.000000 512.000000) 
4 27 97 (1473.860000 3196.000000 224.000000) (1473.860000 3196.000000 512.000000) (502.881000 3196.000000 512.000000) (502.881000 3196.000000 224.000000) 
4 27 44 (502.881000 3196.000000 224.000000) (502.881000 3196.000000 512.000000) (502.881000 3772.000000 512.000000) (502.881000 3772.000000 224.000000) 
4 27 43 (502.881000 3772.000000 512.000000) (502.881000 3791.000000 512.000000) (502.881000 3791.000000 224.000000) (502.881000 3772.000000 224.000000) 
4 27 30 (502.881000 3215.000000 224.000000) (502.881000 3791.000000 224.000000) (649.703000 3791.000000 224.000000) (649.703000 3215.000000 224.000000) 
4 27 29 (796.525000 3791.000000 224.000000) (1150.860000 3791.000000 224.000000) (1150.860000 3215.000000 224.000000) (796.525000 3215.000000 224.000000) 
4 27 28 (1297.680000 3791.000000 224.000000) (1473.860000 3791.000000 224.000000) (1473.860000 3215.000000 224.000000) (1297.680000 3215.000000 224.000000) 
4 27 31 (1473.860000 3196.000000 224.000000) (502.881000 3196.000000 224.000000) (502.881000 3215.000000 224.000000) (1473.860000 3215.000000 224.000000) 
4 28 34 (1297.680000 3791.000000 -32.000000) (1375.980000 3791.000000 -32.000000) (1375.980000 3215.000000 -32.000000) (1297.680000 3215.000000 -32.000000) 
4 28 31 (1297.680000 3215.000000 -32.000000) (1473.860000 3215.000000 -32.000000) (1473.860000 3215.000000 224.000000) (1297.680000 3215.000000 224.000000) 
4 29 35 (1004.030000 3791.000000 -32.000000) (1150.860000 3791.000000 -32.000000) (1150.860000 3215.000000 -32.000000) (1004.030000 3215.000000 -32.000000) 
4 29 36 (796.525000 3791.000000 -32.000000) (906.152000 3791.000000 -32.000000) (906.152000 3215.000000 -32.000000) (796.525000 3215.000000 -32.000000) 
4 29 31 (796.525000 3215.000000 -32.000000) (1150.860000 3215.000000 -32.000000) (1150.860000 3215.000000 224.000000) (796.525000 3215.000000 224.000000) 
4 30 45 (502.881000 3772.000000 -32.000000) (502.881000 3215.000000 -32.000000) (502.881000 3215.000000 224.000000) (502.881000 3772.000000 224.000000) 
4 30 43 (502.881000 3791.000000 -32.000000) (502.881000 3772.000000 -32.000000) (502.881000 3772.000000 224.000000) (502.881000 3791.000000 224.000000) 
4 30 37 (502.881000 3215.000000 -32.000000) (502.881000 3791.000000 -32.000000) (649.703000 3791.000000 -32.000000) (649.703000 3215.000000 -32.000000) 
4 30 31 (502.881000 3215.000000 224.000000) (502.881000 3215.000000 -32.000000) (649.703000 3215.000000 -32.000000) (649.703000 3215.000000 224.000000) 
4 31 97 (1473.860000 3196.000000 -32.000000) (1473.860000 3196.000000 224.000000) (502.881000 3196.000000 224.000000) (502.881000 3196.000000 -32.000000) 
4 31 45 (502.881000 3215.000000 -32.000000) (502.881000 3196.000000 -32.000000) (502.881000 3196.000000 224.000000) (502.881000 3215.000000 224.000000) 
4 31 39 (502.881000 3196.000000 -32.000000) (502.881000 3215.000000 -32.000000) (1473.860000 3215.000000 -32.000000) (1473.860000 3196.000000 -32.000000) 
4 32 47 (502.881000 4054.580000 -32.000000) (502.881000 4096.000000 -32.000000) (502.881000 4096.000000 -1392.000000) (502.881000 4054.580000 -1392.000000) 
4 32 40 (502.881000 4054.580000 -1392.000000) (502.881000 4096.000000 -1392.000000) (1473.860000 4096.000000 -1392.000000) (1473.860000 4054.580000 -1392.000000) 
4 33 48 (502.881000 3791.000000 -32.000000) (502.881000 4054.580000 -32.000000) (502.881000 4054.580000 -1392.000000) (502.881000 3791.000000 -1392.000000) 
4 33 37 (502.881000 3791.000000 -32.000000) (502.881000 3791.000000 -1056.000000) (649.703000 3791.000000 -1056.000000) (649.703000 3791.000000 -32.000000) 
4 33 35 (1004.030000 3791.000000 -1056.000000) (1150.860000 3791.000000 -1056.000000) (1150.860000 3791.000000 -32.000000) (1004.030000 3791.000000 -32.000000) 
4 33 36 (796.525000 3791.000000 -1056.000000) (906.152000 3791.000000 -1056.000000) (906.152000 3791.000000 -32.000000) (796.525000 3791.000000 -32.000000) 
4 33 34 (1297.680000 3791.000000 -1056.000000) (1375.980000 3791.000000 -1056.000000) (1375.980000 3791.000000 -32.000000) (1297.680000 3791.000000 -32.000000) 
4 33 38 (502.881000 3791.000000 -1056.000000) (502.881000 3791.000000 -1392.000000) (1473.860000 3791.000000 -1392.000000) (1473.860000 3791.000000 -1056.000000) 
4 34 38 (1297.680000 3791.000000 -1056.000000) (1375.980000 3791.000000 -1056.000000) (1375.980000 3215.000000 -1056.000000) (1297.680000 3215.000000 -1056.000000) 
4 34 39 (1375.980000 3215.000000 -32.000000) (1297.680000 3215.000000 -32.000000) (1297.680000 3215.000000 -1056.000000) (1375.980000 3215.000000 -1056.000000) 
4 35 39 (1150.860000 3215.000000 -32.000000) (1004.030000 3215.000000 -32.000000) (1004.030000 3215.000000 -1056.000000) (1150.860000 3215.000000 -1056.000000) 
4 35 38 (1004.030000 3791.000000 -1056.000000) (1150.860000 3791.000000 -1056.000000) (1150.860000 3215.000000 -1056.000000) (1004.030000 3215.000000 -1056.000000) 
4 36 38 (796.525000 3791.000000 -1056.000000) (906.152000 3791.000000 -1056.000000) (906.152000 3215.000000 -1056.000000) (796.525000 3215.000000 -1056.000000) 
4 36 39 (906.152000 3215.000000 -32.000000) (796.525000 3215.000000 -32.000000) (796.525000 3215.000000 -1056.000000) (906.152000 3215.000000 -1056.000000) 
4 37 38 (502.881000 3215.000000 -1056.000000) (502.881000 3791.000000 -1056.000000) (649.703000 3791.000000 -1056.000000) (649.703000 3215.000000 -1056.000000) 
4 37 39 (649.703000 3215.000000 -32.000000) (502.881000 3215.000000 -32.000000) (502.881000 3215.000000 -1056.000000) (649.703000 3215.000000 -1056.000000) 
4 38 49 (502.881000 3791.000000 -1056.000000) (502.881000 3791.000000 -1392.000000) (502.881000 3215.000000 -1392.000000) (502.881000 3215.000000 -1056.000000) 
4 38 39 (502.881000 3215.000000 -1392.000000) (1473.860000 3215.000000 -1392.000000) (1473.860000 3215.000000 -1056.000000) (502.881000 3215.000000 -1056.000000) 
4 39 97 (1473.860000 3196.000000 -1392.000000) (1473.860000 3196.000000 -32.000000) (502.881000 3196.000000 -32.000000) (502.881000 3196.000000 -1392.000000) 
4 39 50 (502.881000 3196.000000 -1392.000000) (502.881000 3196.000000 -32.000000) (502.881000 3215.000000 -32.000000) (502.881000 3215.000000 -1392.000000) 
4 40 99 (1473.860000 3196.000000 -1424.000000) (1473.860000 3196.000000 -1392.000000) (502.881000 3196.000000 -1392.000000) (502.881000 3196.000000 -1424.000000) 
4 40 55 (502.881000 4096.000000 -1424.000000) (502.881000 3196.000000 -1424.000000) (502.881000 3196.000000 -1392.000000) (502.881000 4096.000000 -1392.000000) 
4 41 100 (448.000000 3196.000000 544.000000) (-30.644000 3196.000000 544.000000) (-30.644000 3196.000000 512.000000) (448.000000 3196.000000 512.000000) 
4 41 95 (502.881000 3196.000000 512.000000) (502.881000 3196.000000 544.000000) (448.000000 3196.000000 544.000000) (448.000000 3196.000000 512.000000) 
4 41 56 (-30.644000 3196.000000 512.000000) (-30.644000 3196.000000 544.000000) (-30.644000 4096.000000 544.000000) (-30.644000 4096.000000 512.000000) 
4 41 42 (502.881000 4096.000000 512.000000) (502.881000 4054.580000 512.000000) (-30.644000 4054.580000 512.000000) (-30.644000 4096.000000 512.000000) 
4 42 57 (-30.644000 4096.000000 -32.000000) (-30.644000 4054.580000 -32.000000) (-30.644000 4054.580000 512.000000) (-30.644000 4096.000000 512.000000) 
4 42 47 (502.881000 4096.000000 -32.000000) (502.881000 4054.580000 -32.000000) (-30.644000 4054.580000 -32.000000) (-30.644000 4096.000000 -32.000000) 
4 43 58 (-30.644000 4054.580000 -32.000000) (-30.644000 3772.000000 -32.000000) (-30.644000 3772.000000 512.000000) (-30.644000 4054.580000 512.000000) 
4 43 52 (263.000000 3772.000000 -32.000000) (116.178000 3772.000000 -32.000000) (116.178000 3791.000000 -32.000000) (263.000000 3791.000000 -32.000000) 
4 43 51 (405.000000 3772.000000 -32.000000) (263.000000 3772.000000 -32.000000) (263.000000 3791.000000 -32.000000) (405.000000 3791.000000 -32.000000) 
4 43 54 (116.178000 3772.000000 -32.000000) (-30.644000 3772.000000 -32.000000) (-30.644000 3791.000000 -32.000000) (116.178000 3791.000000 -32.000000) 
4 43 48 (502.881000 4054.580000 -32.000000) (502.881000 3791.000000 -32.000000) (-30.644000 3791.000000 -32.000000) (-30.644000 4054.580000 -32.000000) 
4 43 45 (502.881000 3772.000000 -32.000000) (502.881000 3772.000000 224.000000) (263.000000 3772.000000 224.000000) (263.000000 3772.000000 -32.000000) 
4 43 44 (502.881000 3772.000000 224.000000) (502.881000 3772.000000 512.000000) (116.178000 3772.000000 512.000000) (116.178000 3772.000000 224.000000) 
4 43 46 (116.178000 3772.000000 512.000000) (-30.644000 3772.000000 512.000000) (-30.644000 3772.000000 -32.000000) (116.178000 3772.000000 -32.000000) 
4 44 101 (448.000000 3196.000000 512.000000) (116.178000 3196.000000 512.000000) (116.178000 3196.000000 224.000000) (448.000000 3196.000000 224.000000) 
4 44 97 (502.881000 3196.000000 224.000000) (502.881000 3196.000000 512.000000) (448.000000 3196.000000 512.000000) (448.000000 3196.000000 224.000000) 
4 44 45 (502.881000 3196.000000 224.000000) (263.000000 3196.000000 224.000000) (263.000000 3772.000000 224.000000) (502.881000 3772.000000 224.000000) 
4 44 46 (116.178000 3772.000000 512.000000) (116.178000 3772.000000 224.000000) (116.178000 3196.000000 224.000000) (116.178000 3196.000000 512.000000) 
4 45 101 (448.000000 3196.000000 224.000000) (263.000000 3196.000000 224.000000) (263.000000 3196.000000 -32.000000) (448.000000 3196.000000 -32.000000) 
4 45 97 (502.881000 3196.000000 -32.000000) (502.881000 3196.000000 224.000000) (448.000000 3196.000000 224.000000) (448.000000 3196.000000 -32.000000) 
4 45 51 (405.000000 3196.000000 -32.000000) (263.000000 3196.000000 -32.000000) (263.000000 3772.000000 -32.000000) (405.000000 3772.000000 -32.000000) 
4 45 50 (502.881000 3215.000000 -32.000000) (502.881000 3196.000000 -32.000000) (405.000000 3196.000000 -32.000000) (405.000000 3215.000000 -32.000000) 
4 46 101 (116.178000 3196.000000 512.000000) (-30.644000 3196.000000 512.000000) (-30.644000 3196.000000 -32.000000) (116.178000 3196.000000 -32.000000) 
4 46 60 (-30.644000 3772.000000 -32.000000) (-30.644000 3196.000000 -32.000000) (-30.644000 3196.000000 224.000000) (-30.644000 3772.000000 224.000000) 
4 46 59 (-30.644000 3196.000000 224.000000) (-30.644000 3196.000000 512.000000) (-30.644000 3772.000000 512.000000) (-30.644000 3772.000000 224.000000) 
4 46 54 (116.178000 3196.000000 -32.000000) (-30.644000 3196.000000 -32.000000) (-30.644000 3772.000000 -32.000000) (116.178000 3772.000000 -32.000000) 
4 47 62 (-30.644000 4054.580000 -32.000000) (-30.644000 4096.000000 -32.000000) (-30.644000 4096.000000 -1392.000000) (-30.644000 4054.580000 -1392.000000) 
4 47 55 (502.881000 4096.000000 -1392.000000) (502.881000 4054.580000 -1392.000000) (-30.644000 4054.580000 -1392.000000) (-30.644000 4096.000000 -1392.000000) 
4 48 63 (-30.644000 3791.000000 -32.000000) (-30.644000 4054.580000 -32.000000) (-30.644000 4054.580000 -1392.000000) (-30.644000 3791.000000 -1392.000000) 
4 48 52 (263.000000 3791.000000 -32.000000) (116.178000 3791.000000 -32.000000) (116.178000 3791.000000 -1392.000000) (263.000000 3791.000000 -1392.000000) 
4 48 51 (405.000000 3791.000000 -32.000000) (263.000000 3791.000000 -32.000000) (263.000000 3791.000000 -1392.000000) (405.000000 3791.000000 -1392.000000) 
4 48 49 (502.881000 3791.000000 -1392.000000) (502.881000 3791.000000 -1056.000000) (405.000000 3791.000000 -1056.000000) (405.000000 3791.000000 -1392.000000) 
4 48 54 (116.178000 3791.000000 -32.000000) (-30.644000 3791.000000 -32.000000) (-30.644000 3791.000000 -1392.000000) (116.178000 3791.000000 -1392.000000) 
4 49 51 (405.000000 3791.000000 -1392.000000) (405.000000 3215.000000 -1392.000000) (405.000000 3215.000000 -1056.000000) (405.000000 3791.000000 -1056.000000) 
4 49 50 (405.000000 3215.000000 -1392.000000) (502.881000 3215.000000 -1392.000000) (502.881000 3215.000000 -1056.000000) (405.000000 3215.000000 -1056.000000) 
4 50 167 (405.000000 3196.000000 -640.000000) (405.000000 3196.000000 -1392.000000) (448.000000 3196.000000 -1392.000000) (448.000000 3196.000000 -640.000000) 
4 50 101 (448.000000 3196.000000 -32.000000) (405.000000 3196.000000 -32.000000) (405.000000 3196.000000 -640.000000) (448.000000 3196.000000 -640.000000) 
4 50 97 (502.881000 3196.000000 -1392.000000) (502.881000 3196.000000 -32.000000) (448.000000 3196.000000 -32.000000) (448.000000 3196.000000 -1392.000000) 
4 50 51 (405.000000 3215.000000 -1392.000000) (405.000000 3196.000000 -1392.000000) (405.000000 3196.000000 -32.000000) (405.000000 3215.000000 -32.000000) 
4 51 167 (263.000000 3196.000000 -640.000000) (263.000000 3196.000000 -1392.000000) (405.000000 3196.000000 -1392.000000) (405.000000 3196.000000 -640.000000) 
4 51 101 (405.000000 3196.000000 -32.000000) (263.000000 3196.000000 -32.000000) (263.000000 3196.000000 -640.000000) (405.000000 3196.000000 -640.000000) 
4 51 53 (263.000000 3772.000000 -1392.000000) (263.000000 3196.000000 -1392.000000) (263.000000 3196.000000 -1056.000000) (263.000000 3772.000000 -1056.000000) 
4 51 52 (263.000000 3791.000000 -32.000000) (263.000000 3791.000000 -1392.000000) (263.000000 3772.000000 -1392.000000) (263.000000 3772.000000 -32.000000) 
4 52 53 (116.178000 3772.000000 -1392.000000) (263.000000 3772.000000 -1392.000000) (263.000000 3772.000000 -1056.000000) (116.178000 3772.000000 -1056.000000) 
4 52 54 (116.178000 3791.000000 -32.000000) (116.178000 3791.000000 -1392.000000) (116.178000 3772.000000 -1392.000000) (116.178000 3772.000000 -32.000000) 
4 53 167 (116.178000 3196.000000 -1056.000000) (116.178000 3196.000000 -1392.000000) (263.000000 3196.000000 -1392.000000) (263.000000 3196.000000 -1056.000000) 
4 53 54 (116.178000 3772.000000 -1392.000000) (116.178000 3196.000000 -1392.000000) (116.178000 3196.000000 -1056.000000) (116.178000 3772.000000 -1056.000000) 
4 54 167 (-30.644000 3196.000000 -640.000000) (-30.644000 3196.000000 -1392.000000) (116.178000 3196.000000 -1392.000000) (116.178000 3196.000000 -640.000000) 
4 54 101 (116.178000 3196.000000 -32.000000) (-30.644000 3196.000000 -32.000000) (-30.644000 3196.000000 -640.000000) (116.178000 3196.000000 -640.000000) 
4 54 66 (-30.644000 3196.000000 -1392.000000) (-30.644000 3196.000000 -1056.000000) (-30.644000 3772.000000 -1056.000000) (-30.644000 3772.000000 -1392.000000) 
4 54 63 (-30.644000 3772.000000 -32.000000) (-30.644000 3791.000000 -32.000000) (-30.644000 3791.000000 -1392.000000) (-30.644000 3772.000000 -1392.000000) 
4 55 168 (448.000000 3196.000000 -1392.000000) (-30.644000 3196.000000 -1392.000000) (-30.644000 3196.000000 -1424.000000) (448.000000 3196.000000 -1424.000000) 
4 55 99 (502.881000 3196.000000 -1424.000000) (502.881000 3196.000000 -1392.000000) (448.000000 3196.000000 -1392.000000) (448.000000 3196.000000 -1424.000000) 
4 55 67 (-30.644000 3196.000000 -1424.000000) (-30.644000 3196.000000 -1392.000000) (-30.644000 4096.000000 -1392.000000) (-30.644000 4096.000000 -1424.000000) 
4 56 199 (-448.000000 3196.000000 544.000000) (-614.017000 3196.000000 544.000000) (-614.017000 3196.000000 512.000000) (-448.000000 3196.000000 512.000000) 
4 56 100 (-30.644000 3196.000000 512.000000) (-30.644000 3196.000000 544.000000) (-448.000000 3196.000000 544.000000) (-448.000000 3196.000000 512.000000) 
4 56 68 (-614.017000 3196.000000 512.000000) (-614.017000 3196.000000 544.000000) (-614.017000 4096.000000 544.000000) (-614.017000 4096.000000 512.000000) 
4 56 57 (-614.017000 4054.580000 512.000000) (-614.017000 4096.000000 512.000000) (-30.644000 4096.000000 512.000000) (-30.644000 4054.580000 512.000000) 
4 57 69 (-614.017000 4054.580000 512.000000) (-614.017000 4096.000000 512.000000) (-614.017000 4096.000000 -32.000000) (-614.017000 4054.580000 -32.000000) 
4 57 62 (-614.017000 4054.580000 -32.000000) (-614.017000 4096.000000 -32.000000) (-30.644000 4096.000000 -32.000000) (-30.644000 4054.580000 -32.000000) 
4 58 70 (-614.017000 3772.000000 512.000000) (-614.017000 4054.580000 512.000000) (-614.017000 4054.580000 -32.000000) (-614.017000 3772.000000 -32.000000) 
4 58 63 (-614.017000 3772.000000 -32.000000) (-614.017000 4054.580000 -32.000000) (-30.644000 4054.580000 -32.000000) (-30.644000 3772.000000 -32.000000) 
4 58 60 (-30.644000 3772.000000 -32.000000) (-30.644000 3772.000000 224.000000) (-222.492000 3772.000000 224.000000) (-222.492000 3772.000000 -32.000000) 
4 58 59 (-30.644000 3772.000000 224.000000) (-30.644000 3772.000000 512.000000) (-369.314000 3772.000000 512.000000) (-369.314000 3772.000000 224.000000) 
4 58 61 (-369.314000 3772.000000 512.000000) (-614.017000 3772.000000 512.000000) (-614.017000 3772.000000 -32.000000) (-369.314000 3772.000000 -32.000000) 
4 59 101 (-30.644000 3196.000000 224.000000) (-30.644000 3196.000000 512.000000) (-369.314000 3196.000000 512.000000) (-369.314000 3196.000000 224.000000) 
4 59 60 (-30.644000 3196.000000 224.000000) (-222.492000 3196.000000 224.000000) (-222.492000 3772.000000 224.000000) (-30.644000 3772.000000 224.000000) 
4 59 61 (-369.314000 3772.000000 512.000000) (-369.314000 3772.000000 224.000000) (-369.314000 3196.000000 224.000000) (-369.314000 3196.000000 512.000000) 
4 60 101 (-30.644000 3196.000000 -32.000000) (-30.644000 3196.000000 224.000000) (-222.492000 3196.000000 224.000000) (-222.492000 3196.000000 -32.000000) 
4 60 64 (-222.492000 3772.000000 -32.000000) (-128.525000 3772.000000 -32.000000) (-128.525000 3196.000000 -32.000000) (-222.492000 3196.000000 -32.000000) 
4 61 200 (-448.000000 3196.000000 512.000000) (-614.017000 3196.000000 512.000000) (-614.017000 3196.000000 -32.000000) (-448.000000 3196.000000 -32.000000) 
4 61 101 (-369.314000 3196.000000 512.000000) (-448.000000 3196.000000 512.000000) (-448.000000 3196.000000 -32.000000) (-369.314000 3196.000000 -32.000000) 
4 61 72 (-614.017000 3196.000000 -32.000000) (-614.017000 3196.000000 224.000000) (-614.017000 3772.000000 224.000000) (-614.017000 3772.000000 -32.000000) 
4 61 71 (-614.017000 3196.000000 224.000000) (-614.017000 3196.000000 512.000000) (-614.017000 3772.000000 512.000000) (-614.017000 3772.000000 224.000000) 
4 61 65 (-516.136000 3772.000000 -32.000000) (-369.314000 3772.000000 -32.000000) (-369.314000 3196.000000 -32.000000) (-516.136000 3196.000000 -32.000000) 
4 62 74 (-614.017000 4054.580000 -32.000000) (-614.017000 4096.000000 -32.000000) (-614.017000 4096.000000 -1392.000000) (-614.017000 4054.580000 -1392.000000) 
4 62 67 (-614.017000 4054.580000 -1392.000000) (-614.017000 4096.000000 -1392.000000) (-30.644000 4096.000000 -1392.000000) (-30.644000 4054.580000 -1392.000000) 
4 63 75 (-614.017000 3772.000000 -32.000000) (-614.017000 4054.580000 -32.000000) (-614.017000 4054.580000 -1392.000000) (-614.017000 3772.000000 -1392.000000) 
4 63 65 (-369.314000 3772.000000 -32.000000) (-516.136000 3772.000000 -32.000000) (-516.136000 3772.000000 -1056.000000) (-369.314000 3772.000000 -1056.000000) 
4 63 64 (-128.525000 3772.000000 -32.000000) (-222.492000 3772.000000 -32.000000) (-222.492000 3772.000000 -1056.000000) (-128.525000 3772.000000 -1056.000000) 
4 63 66 (-30.644000 3772.000000 -1392.000000) (-30.644000 3772.000000 -1056.000000) (-614.017000 3772.000000 -1056.000000) (-614.017000 3772.000000 -1392.000000) 
4 64 167 (-222.492000 3196.000000 -640.000000) (-222.492000 3196.000000 -1056.000000) (-128.525000 3196.000000 -1056.000000) (-128.525000 3196.000000 -640.000000) 
4 64 101 (-128.525000 3196.000000 -32.000000) (-222.492000 3196.000000 -32.000000) (-222.492000 3196.000000 -640.000000) (-128.525000 3196.000000 -640.000000) 
4 64 66 (-222.492000 3772.000000 -1056.000000) (-128.525000 3772.000000 -1056.000000) (-128.525000 3196.000000 -1056.000000) (-222.492000 3196.000000 -1056.000000) 
4 65 200 (-448.000000 3196.000000 -32.000000) (-516.136000 3196.000000 -32.000000) (-516.136000 3196.000000 -1056.000000) (-448.000000 3196.000000 -1056.000000) 
4 65 167 (-448.000000 3196.000000 -640.000000) (-448.000000 3196.000000 -1056.000000) (-369.314000 3196.000000 -1056.000000) (-369.314000 3196.000000 -640.000000) 
4 65 101 (-369.314000 3196.000000 -32.000000) (-448.000000 3196.000000 -32.000000) (-448.000000 3196.000000 -640.000000) (-369.314000 3196.000000 -640.000000) 
4 65 66 (-516.136000 3772.000000 -1056.000000) (-369.314000 3772.000000 -1056.000000) (-369.314000 3196.000000 -1056.000000) (-516.136000 3196.000000 -1056.000000) 
4 66 200 (-448.000000 3196.000000 -1056.000000) (-614.017000 3196.000000 -1056.000000) (-614.017000 3196.000000 -1392.000000) (-448.000000 3196.000000 -1392.000000) 
4 66 167 (-30.644000 3196.000000 -1392.000000) (-30.644000 3196.000000 -1056.000000) (-448.000000 3196.000000 -1056.000000) (-448.000000 3196.000000 -1392.000000) 
4 66 76 (-614.017000 3196.000000 -1392.000000) (-614.017000 3196.000000 -1056.000000) (-614.017000 3772.000000 -1056.000000) (-614.017000 3772.000000 -1392.000000) 
4 67 203 (-448.000000 3196.000000 -1392.000000) (-614.017000 3196.000000 -1392.000000) (-614.017000 3196.000000 -1424.000000) (-448.000000 3196.000000 -1424.000000) 
4 67 168 (-30.644000 3196.000000 -1424.000000) (-30.644000 3196.000000 -1392.000000) (-448.000000 3196.000000 -1392.000000) (-448.000000 3196.000000 -1424.000000) 
4 67 81 (-614.017000 3196.000000 -1424.000000) (-614.017000 3196.000000 -1392.000000) (-614.017000 4096.000000 -1392.000000) (-614.017000 4096.000000 -1424.000000) 
4 68 199 (-614.017000 3196.000000 512.000000) (-614.017000 3196.000000 544.000000) (-1193.470000 3196.000000 544.000000) (-1193.470000 3196.000000 512.000000) 
4 68 82 (-1193.470000 3196.000000 512.000000) (-1193.470000 3196.000000 544.000000) (-1193.470000 4096.000000 544.000000) (-1193.470000 4096.000000 512.000000) 
4 68 69 (-1193.470000 4054.580000 512.000000) (-1193.470000 4096.000000 512.000000) (-614.017000 4096.000000 512.000000) (-614.017000 4054.580000 512.000000) 
4 69 83 (-1193.470000 4096.000000 -32.000000) (-1193.470000 4054.580000 -32.000000) (-1193.470000 4054.580000 512.000000) (-1193.470000 4096.000000 512.000000) 
4 69 74 (-1193.470000 4054.580000 -32.000000) (-1193.470000 4096.000000 -32.000000) (-614.017000 4096.000000 -32.000000) (-614.017000 4054.580000 -32.000000) 
4 70 85 (-1193.470000 4054.580000 -32.000000) (-1193.470000 3772.000000 -32.000000) (-1193.470000 3772.000000 224.000000) (-1193.470000 4054.580000 224.000000) 
4 70 84 (-1193.470000 3772.000000 224.000000) (-1193.470000 3772.000000 512.000000) (-1193.470000 4054.580000 512.000000) (-1193.470000 4054.580000 224.000000) 
4 70 75 (-1193.470000 3772.000000 -32.000000) (-1193.470000 4054.580000 -32.000000) (-614.017000 4054.580000 -32.000000) (-614.017000 3772.000000 -32.000000) 
4 70 72 (-614.017000 3772.000000 -32.000000) (-614.017000 3772.000000 224.000000) (-692.322000 3772.000000 224.000000) (-692.322000 3772.000000 -32.000000) 
4 70 71 (-614.017000 3772.000000 224.000000) (-614.017000 3772.000000 512.000000) (-839.144000 3772.000000 512.000000) (-839.144000 3772.000000 224.000000) 
4 70 73 (-839.144000 3772.000000 512.000000) (-1193.470000 3772.000000 512.000000) (-1193.470000 3772.000000 -32.000000) (-839.144000 3772.000000 -32.000000) 
4 71 200 (-614.017000 3196.000000 224.000000) (-614.017000 3196.000000 512.000000) (-839.144000 3196.000000 512.000000) (-839.144000 3196.000000 224.000000) 
4 71 72 (-692.322000 3772.000000 224.000000) (-614.017000 3772.000000 224.000000) (-614.017000 3196.000000 224.000000) (-692.322000 3196.000000 224.000000) 
4 71 73 (-839.144000 3772.000000 512.000000) (-839.144000 3772.000000 224.000000) (-839.144000 3196.000000 224.000000) (-839.144000 3196.000000 512.000000) 
4 72 200 (-614.017000 3196.000000 -32.000000) (-614.017000 3196.000000 224.000000) (-692.322000 3196.000000 224.000000) (-692.322000 3196.000000 -32.000000) 
4 72 76 (-614.017000 3196.000000 -32.000000) (-692.322000 3196.000000 -32.000000) (-692.322000 3772.000000 -32.000000) (-614.017000 3772.000000 -32.000000) 
4 73 200 (-839.144000 3196.000000 512.000000) (-1193.470000 3196.000000 512.000000) (-1193.470000 3196.000000 -32.000000) (-839.144000 3196.000000 -32.000000) 
4 73 84 (-1193.470000 3196.000000 224.000000) (-1193.470000 3196.000000 512.000000) (-1193.470000 3772.000000 512.000000) (-1193.470000 3772.000000 224.000000) 
4 73 80 (-1083.850000 3196.000000 -32.000000) (-1193.470000 3196.000000 -32.000000) (-1193.470000 3772.000000 -32.000000) (-1083.850000 3772.000000 -32.000000) 
4 73 78 (-839.144000 3196.000000 -32.000000) (-985.966000 3196.000000 -32.000000) (-985.966000 3772.000000 -32.000000) (-839.144000 3772.000000 -32.000000) 
4 74 88 (-1193.470000 4054.580000 -32.000000) (-1193.470000 4096.000000 -32.000000) (-1193.470000 4096.000000 -1392.000000) (-1193.470000 4054.580000 -1392.000000) 
4 74 81 (-1193.470000 4054.580000 -1392.000000) (-1193.470000 4096.000000 -1392.000000) (-614.017000 4096.000000 -1392.000000) (-614.017000 4054.580000 -1392.000000) 
4 75 89 (-1193.470000 3772.000000 -32.000000) (-1193.470000 4054.580000 -32.000000) (-1193.470000 4054.580000 -1392.000000) (-1193.470000 3772.000000 -1392.000000) 
4 75 79 (-1083.850000 3772.000000 -1056.000000) (-1083.850000 3772.000000 -1392.000000) (-985.966000 3772.000000 -1392.000000) (-985.966000 3772.000000 -1056.000000) 
4 75 80 (-1083.850000 3772.000000 -32.000000) (-1193.470000 3772.000000 -32.000000) (-1193.470000 3772.000000 -1392.000000) (-1083.850000 3772.000000 -1392.000000) 
4 75 78 (-839.144000 3772.000000 -32.000000) (-985.966000 3772.000000 -32.000000) (-985.966000 3772.000000 -1392.000000) (-839.144000 3772.000000 -1392.000000) 
4 75 77 (-839.144000 3772.000000 -1056.000000) (-839.144000 3772.000000 -1392.000000) (-692.322000 3772.000000 -1392.000000) (-692.322000 3772.000000 -1056.000000) 
4 75 76 (-614.017000 3772.000000 -1392.000000) (-614.017000 3772.000000 -32.000000) (-692.322000 3772.000000 -32.000000) (-692.322000 3772.000000 -1392.000000) 
4 76 200 (-614.017000 3196.000000 -1392.000000) (-614.017000 3196.000000 -32.000000) (-692.322000 3196.000000 -32.000000) (-692.322000 3196.000000 -1392.000000) 
4 76 77 (-692.322000 3772.000000 -1392.000000) (-692.322000 3196.000000 -1392.000000) (-692.322000 3196.000000 -1056.000000) (-692.322000 3772.000000 -1056.000000) 
4 77 200 (-839.144000 3196.000000 -1056.000000) (-839.144000 3196.000000 -1392.000000) (-692.322000 3196.000000 -1392.000000) (-692.322000 3196.000000 -1056.000000) 
4 77 78 (-839.144000 3772.000000 -1056.000000) (-839.144000 3772.000000 -1392.000000) (-839.144000 3196.000000 -1392.000000) (-839.144000 3196.000000 -1056.000000) 
4 78 200 (-839.144000 3196.000000 -32.000000) (-985.966000 3196.000000 -32.000000) (-985.966000 3196.000000 -1392.000000) (-839.144000 3196.000000 -1392.000000) 
4 78 79 (-985.966000 3772.000000 -1392.000000) (-985.966000 3196.000000 -1392.000000) (-985.966000 3196.000000 -1056.000000) (-985.966000 3772.000000 -1056.000000) 
4 79 200 (-1083.850000 3196.000000 -1056.000000) (-1083.850000 3196.000000 -1392.000000) (-985.966000 3196.000000 -1392.000000) (-985.966000 3196.000000 -1056.000000) 
4 79 80 (-1083.850000 3772.000000 -1056.000000) (-1083.850000 3772.000000 -1392.000000) (-1083.850000 3196.000000 -1392.000000) (-1083.850000 3196.000000 -1056.000000) 
4 80 200 (-1083.850000 3196.000000 -32.000000) (-1193.470000 3196.000000 -32.000000) (-1193.470000 3196.000000 -1392.000000) (-1083.850000 3196.000000 -1392.000000) 
4 80 92 (-1193.470000 3196.000000 -1392.000000) (-1193.470000 3196.000000 -1056.000000) (-1193.470000 3772.000000 -1056.000000) (-1193.470000 3772.000000 -1392.000000) 
4 81 203 (-614.017000 3196.000000 -1424.000000) (-614.017000 3196.000000 -1392.000000) (-1193.470000 3196.000000 -1392.000000) (-1193.470000 3196.000000 -1424.000000) 
4 81 94 (-1193.470000 3196.000000 -1424.000000) (-1193.470000 3196.000000 -1392.000000) (-1193.470000 4096.000000 -1392.000000) (-1193.470000 4096.000000 -1424.000000) 
4 82 199 (-1193.470000 3196.000000 512.000000) (-1193.470000 3196.000000 544.000000) (-2176.000000 3196.000000 544.000000) (-2176.000000 3196.000000 512.000000) 
4 82 83 (-1193.470000 4096.000000 512.000000) (-1193.470000 4054.580000 512.000000) (-2144.000000 4054.580000 512.000000) (-2144.000000 4096.000000 512.000000) 
4 82 87 (-2144.000000 3196.000000 512.000000) (-2176.000000 3196.000000 512.000000) (-2176.000000 4096.000000 512.000000) (-2144.000000 4096.000000 512.000000) 
4 83 88 (-1193.470000 4096.000000 -32.000000) (-1193.470000 4054.580000 -32.000000) (-2144.000000 4054.580000 -32.000000) (-2144.000000 4096.000000 -32.000000) 
4 83 87 (-2144.000000 4096.000000 512.000000) (-2144.000000 4096.000000 -32.000000) (-2144.000000 4054.580000 -32.000000) (-2144.000000 4054.580000 512.000000) 
4 84 200 (-1193.470000 3196.000000 224.000000) (-1193.470000 3196.000000 512.000000) (-2144.000000 3196.000000 512.000000) (-2144.000000 3196.000000 224.000000) 
4 84 85 (-1340.300000 3772.000000 224.000000) (-1340.300000 4054.580000 224.000000) (-1193.470000 4054.580000 224.000000) (-1193.470000 3772.000000 224.000000) 
4 84 86 (-1340.300000 3196.000000 224.000000) (-2144.000000 3196.000000 224.000000) (-2144.000000 4054.580000 224.000000) (-1340.300000 4054.580000 224.000000) 
4 85 89 (-1193.470000 4054.580000 -32.000000) (-1193.470000 3772.000000 -32.000000) (-1340.300000 3772.000000 -32.000000) (-1340.300000 4054.580000 -32.000000) 
4 85 86 (-1340.300000 4054.580000 224.000000) (-1340.300000 4054.580000 -32.000000) (-1340.300000 3772.000000 -32.000000) (-1340.300000 3772.000000 224.000000) 
4 86 200 (-1340.300000 3196.000000 224.000000) (-2144.000000 3196.000000 224.000000) (-2144.000000 3196.000000 -32.000000) (-1340.300000 3196.000000 -32.000000) 
4 86 91 (-1585.000000 3196.000000 -32.000000) (-2144.000000 3196.000000 -32.000000) (-2144.000000 3772.000000 -32.000000) (-1585.000000 3772.000000 -32.000000) 
4 86 90 (-1340.300000 3196.000000 -32.000000) (-1487.120000 3196.000000 -32.000000) (-1487.120000 3772.000000 -32.000000) (-1340.300000 3772.000000 -32.000000) 
4 86 89 (-2144.000000 3772.000000 -32.000000) (-2144.000000 4054.580000 -32.000000) (-1340.300000 4054.580000 -32.000000) (-1340.300000 3772.000000 -32.000000) 
4 87 202 (-2144.000000 3196.000000 512.000000) (-2176.000000 3196.000000 512.000000) (-2176.000000 3196.000000 -32.000000) (-2144.000000 3196.000000 -32.000000) 
4 87 93 (-2144.000000 3196.000000 -32.000000) (-2176.000000 3196.000000 -32.000000) (-2176.000000 4096.000000 -32.000000) (-2144.000000 4096.000000 -32.000000) 
4 88 94 (-1193.470000 4096.000000 -1392.000000) (-1193.470000 4054.580000 -1392.000000) (-2144.000000 4054.580000 -1392.000000) (-2144.000000 4096.000000 -1392.000000) 
4 88 93 (-2144.000000 4096.000000 -32.000000) (-2144.000000 4096.000000 -1392.000000) (-2144.000000 4054.580000 -1392.000000) (-2144.000000 4054.580000 -32.000000) 
4 89 91 (-1585.000000 3772.000000 -32.000000) (-2144.000000 3772.000000 -32.000000) (-2144.000000 3772.000000 -1056.000000) (-1585.000000 3772.000000 -1056.000000) 
4 89 90 (-1340.300000 3772.000000 -32.000000) (-1487.120000 3772.000000 -32.000000) (-1487.120000 3772.000000 -1056.000000) (-1340.300000 3772.000000 -1056.000000) 
4 89 92 (-2144.000000 3772.000000 -1392.000000) (-1193.470000 3772.000000 -1392.000000) (-1193.470000 3772.000000 -1056.000000) (-2144.000000 3772.000000 -1056.000000) 
4 90 200 (-1340.300000 3196.000000 -32.000000) (-1487.120000 3196.000000 -32.000000) (-1487.120000 3196.000000 -1056.000000) (-1340.300000 3196.000000 -1056.000000) 
4 90 92 (-1340.300000 3196.000000 -1056.000000) (-1487.120000 3196.000000 -1056.000000) (-1487.120000 3772.000000 -1056.000000) (-1340.300000 3772.000000 -1056.000000) 
4 91 200 (-1585.000000 3196.000000 -32.000000) (-2144.000000 3196.000000 -32.000000) (-2144.000000 3196.000000 -1056.000000) (-1585.000000 3196.000000 -1056.000000) 
4 91 92 (-1585.000000 3196.000000 -1056.000000) (-2144.000000 3196.000000 -1056.000000) (-2144.000000 3772.000000 -1056.000000) (-1585.000000 3772.000000 -1056.000000) 
4 92 200 (-1193.470000 3196.000000 -1392.000000) (-1193.470000 3196.000000 -1056.000000) (-2144.000000 3196.000000 -1056.000000) (-2144.000000 3196.000000 -1392.000000) 
4 93 202 (-2144.000000 3196.000000 -32.000000) (-2176.000000 3196.000000 -32.000000) (-2176.000000 3196.000000 -1392.000000) (-2144.000000 3196.000000 -1392.000000) 
4 93 94 (-2144.000000 3196.000000 -1392.000000) (-2176.000000 3196.000000 -1392.000000) (-2176.000000 4096.000000 -1392.000000) (-2144.000000 4096.000000 -1392.000000) 
4 94 203 (-1193.470000 3196.000000 -1424.000000) (-1193.470000 3196.000000 -1392.000000) (-2176.000000 3196.000000 -1392.000000) (-2176.000000 3196.000000 -1424.000000) 
4 95 164 (448.000000 -576.000000 512.000000) (448.000000 -2480.000000 512.000000) (448.000000 -2480.000000 544.000000) (448.000000 -576.000000 544.000000) 
4 95 140 (448.000000 64.000000 512.000000) (448.000000 -576.000000 512.000000) (448.000000 -576.000000 544.000000) (448.000000 64.000000 544.000000) 
4 95 116 (448.000000 576.000000 512.000000) (448.000000 64.000000 512.000000) (448.000000 64.000000 544.000000) (448.000000 576.000000 544.000000) 
4 95 109 (448.000000 1168.000000 512.000000) (448.000000 576.000000 512.000000) (448.000000 576.000000 544.000000) (448.000000 1168.000000 544.000000) 
4 95 102 (448.000000 1792.000000 512.000000) (448.000000 1168.000000 512.000000) (448.000000 1168.000000 544.000000) (448.000000 1792.000000 544.000000) 
4 95 100 (448.000000 3196.000000 544.000000) (448.000000 3196.000000 512.000000) (448.000000 1792.000000 512.000000) (448.000000 1792.000000 544.000000) 
4 95 98 (448.000000 -2480.000000 512.000000) (448.000000 -2438.580000 512.000000) (3328.000000 -2438.580000 512.000000) (3328.000000 -2480.000000 512.000000) 
4 95 96 (3328.000000 3196.000000 512.000000) (3360.000000 3196.000000 512.000000) (3360.000000 -2480.000000 512.000000) (3328.000000 -2480.000000 512.000000) 
4 96 99 (3328.000000 3196.000000 -1392.000000) (3360.000000 3196.000000 -1392.000000) (3360.000000 -2480.000000 -1392.000000) (3328.000000 -2480.000000 -1392.000000) 
4 96 98 (3328.000000 -2438.580000 -1392.000000) (3328.000000 -2480.000000 -1392.000000) (3328.000000 -2480.000000 512.000000) (3328.000000 -2438.580000 512.000000) 
4 97 196 (448.000000 -1895.000000 -1392.000000) (448.000000 -2438.580000 -1392.000000) (448.000000 -2438.580000 -640.000000) (448.000000 -1895.000000 -640.000000) 
4 97 194 (448.000000 128.000000 -1392.000000) (448.000000 -1895.000000 -1392.000000) (448.000000 -1895.000000 -1189.000000) (448.000000 128.000000 -1189.000000) 
4 97 191 (448.000000 -1845.170000 -704.000000) (448.000000 128.000000 -704.000000) (448.000000 128.000000 -1189.000000) (448.000000 -1845.170000 -1189.000000) 
4 97 193 (448.000000 -1895.000000 -1189.000000) (448.000000 -1895.000000 -704.000000) (448.000000 -1845.170000 -704.000000) (448.000000 -1845.170000 -1189.000000) 
4 97 185 (448.000000 -128.000000 -640.000000) (448.000000 128.000000 -640.000000) (448.000000 128.000000 -704.000000) (448.000000 -128.000000 -704.000000) 
4 97 187 (448.000000 -1895.000000 -704.000000) (448.000000 -1895.000000 -640.000000) (448.000000 -128.000000 -640.000000) (448.000000 -128.000000 -704.000000) 
4 97 183 (448.000000 1168.000000 -1392.000000) (448.000000 128.000000 -1392.000000) (448.000000 128.000000 -1189.000000) (448.000000 1168.000000 -1189.000000) 
4 97 181 (448.000000 128.000000 -1189.000000) (448.000000 128.000000 -704.000000) (448.000000 1168.000000 -704.000000) (448.000000 1168.000000 -1189.000000) 
4 97 179 (448.000000 128.000000 -704.000000) (448.000000 128.000000 -640.000000) (448.000000 1168.000000 -640.000000) (448.000000 1168.000000 -704.000000) 
4 97 177 (448.000000 1792.000000 -1392.000000) (448.000000 1168.000000 -1392.000000) (448.000000 1168.000000 -1189.000000) (448.000000 1792.000000 -1189.000000) 
4 97 175 (448.000000 1168.000000 -1189.000000) (448.000000 1168.000000 -1036.000000) (448.000000 1792.000000 -1036.000000) (448.000000 1792.000000 -1189.000000) 
4 97 173 (448.000000 1168.000000 -1036.000000) (448.000000 1168.000000 -704.000000) (448.000000 1791.000000 -704.000000) (448.000000 1791.000000 -1036.000000) 
4 97 171 (448.000000 1791.000000 -704.000000) (448.000000 1792.000000 -704.000000) (448.000000 1792.000000 -1036.000000) (448.000000 1791.000000 -1036.000000) 
4 97 170 (448.000000 1168.000000 -704.000000) (448.000000 1168.000000 -640.000000) (448.000000 1791.000000 -640.000000) (448.000000 1791.000000 -704.000000) 
4 97 169 (448.000000 1791.000000 -640.000000) (448.000000 1792.000000 -640.000000) (448.000000 1792.000000 -704.000000) (448.000000 1791.000000 -704.000000) 
4 97 167 (448.000000 3196.000000 -640.000000) (448.000000 3196.000000 -1392.000000) (448.000000 1792.000000 -1392.000000) (448.000000 1792.000000 -640.000000) 
4 97 165 (448.000000 -576.000000 -640.000000) (448.000000 -2438.580000 -640.000000) (448.000000 -2438.580000 512.000000) (448.000000 -576.000000 512.000000) 
4 97 152 (448.000000 -192.000000 -640.000000) (448.000000 -576.000000 -640.000000) (448.000000 -576.000000 -448.000000) (448.000000 -192.000000 -448.000000) 
4 97 149 (448.000000 -576.000000 -448.000000) (448.000000 -576.000000 -384.000000) (448.000000 -192.000000 -384.000000) (448.000000 -192.000000 -448.000000) 
4 97 148 (448.000000 -576.000000 -384.000000) (448.000000 -576.000000 -192.000000) (448.000000 -192.000000 -192.000000) (448.000000 -192.000000 -384.000000) 
4 97 141 (448.000000 -576.000000 -192.000000) (448.000000 -576.000000 512.000000) (448.000000 64.000000 512.000000) (448.000000 64.000000 -192.000000) 
4 97 121 (448.000000 576.000000 -640.000000) (448.000000 128.000000 -640.000000) (448.000000 128.000000 -448.000000) (448.000000 576.000000 -448.000000) 
4 97 118 (448.000000 128.000000 -192.000000) (448.000000 576.000000 -192.000000) (448.000000 576.000000 -448.000000) (448.000000 128.000000 -448.000000) 
4 97 117 (448.000000 64.000000 -192.000000) (448.000000 64.000000 512.000000) (448.000000 576.000000 512.000000) (448.000000 576.000000 -192.000000) 
4 97 112 (448.000000 1168.000000 -640.000000) (448.000000 576.000000 -640.000000) (448.000000 576.000000 -576.000000) (448.000000 1168.000000 -576.000000) 
4 97 111 (448.000000 576.000000 -576.000000) (448.000000 576.000000 -416.000000) (448.000000 1168.000000 -416.000000) (448.000000 1168.000000 -576.000000) 
4 97 110 (448.000000 576.000000 -416.000000) (448.000000 576.000000 512.000000) (448.000000 1168.000000 512.000000) (448.000000 1168.000000 -416.000000) 
4 97 108 (448.000000 1791.000000 -640.000000) (448.000000 1168.000000 -640.000000) (448.000000 1168.000000 -576.000000) (448.000000 1791.000000 -576.000000) 
4 97 107 (448.000000 1792.000000 -640.000000) (448.000000 1791.000000 -640.000000) (448.000000 1791.000000 -576.000000) (448.000000 1792.000000 -576.000000) 
4 97 104 (448.000000 1168.000000 -576.000000) (448.000000 1168.000000 -416.000000) (448.000000 1792.000000 -416.000000) (448.000000 1792.000000 -576.000000) 
4 97 103 (448.000000 1168.000000 -416.000000) (448.000000 1168.000000 512.000000) (448.000000 1792.000000 512.000000) (448.000000 1792.000000 -416.000000) 
4 97 101 (448.000000 3196.000000 512.000000) (448.000000 3196.000000 -640.000000) (448.000000 1792.000000 -640.000000) (448.000000 1792.000000 512.000000) 
4 98 197 (448.000000 -2438.580000 -1392.000000) (448.000000 -2480.000000 -1392.000000) (448.000000 -2480.000000 -640.000000) (448.000000 -2438.580000 -640.000000) 
4 98 166 (448.000000 -2480.000000 -640.000000) (448.000000 -2480.000000 512.000000) (448.000000 -2438.580000 512.000000) (448.000000 -2438.580000 -640.000000) 
4 98 99 (448.000000 -2480.000000 -1392.000000) (448.000000 -2438.580000 -1392.000000) (3328.000000 -2438.580000 -1392.000000) (3328.000000 -2480.000000 -1392.000000) 
4 99 198 (448.000000 -1895.000000 -1424.000000) (448.000000 -2480.000000 -1424.000000) (448.000000 -2480.000000 -1392.000000) (448.000000 -1895.000000 -1392.000000) 
4 99 195 (448.000000 128.000000 -1424.000000) (448.000000 -1895.000000 -1424.000000) (448.000000 -1895.000000 -1392.000000) (448.000000 128.000000 -1392.000000) 
4 99 184 (448.000000 1168.000000 -1424.000000) (448.000000 128.000000 -1424.000000) (448.000000 128.000000 -1392.000000) (448.000000 1168.000000 -1392.000000) 
4 99 178 (448.000000 1792.000000 -1424.000000) (448.000000 1168.000000 -1424.000000) (448.000000 1168.000000 -1392.000000) (448.000000 1792.000000 -1392.000000) 
4 99 168 (448.000000 3196.000000 -1392.000000) (448.000000 3196.000000 -1424.000000) (448.000000 1792.000000 -1424.000000) (448.000000 1792.000000 -1392.000000) 
4 100 199 (-448.000000 3196.000000 544.000000) (-448.000000 3196.000000 512.000000) (-448.000000 1792.000000 512.000000) (-448.000000 1792.000000 544.000000) 
4 100 102 (448.000000 1792.000000 512.000000) (448.000000 1792.000000 544.000000) (-448.000000 1792.000000 544.000000) (-448.000000 1792.000000 512.000000) 
4 101 200 (-448.000000 3196.000000 512.000000) (-448.000000 3196.000000 -640.000000) (-448.000000 1792.000000 -640.000000) (-448.000000 1792.000000 512.000000) 
4 101 167 (-448.000000 1792.000000 -640.000000) (-448.000000 3196.000000 -640.000000) (448.000000 3196.000000 -640.000000) (448.000000 1792.000000 -640.000000) 
4 101 107 (-448.000000 1792.000000 -640.000000) (448.000000 1792.000000 -640.000000) (448.000000 1792.000000 -576.000000) (-448.000000 1792.000000 -576.000000) 
4 101 105 (-128.000000 1792.000000 -544.000000) (-128.000000 1792.000000 -448.000000) (-256.000000 1792.000000 -448.000000) (-256.000000 1792.000000 -544.000000) 
4 101 106 (-288.000000 1792.000000 -416.000000) (-448.000000 1792.000000 -416.000000) (-448.000000 1792.000000 -576.000000) (-288.000000 1792.000000 -576.000000) 
4 101 104 (448.000000 1792.000000 -576.000000) (448.000000 1792.000000 -416.000000) (-96.000000 1792.000000 -416.000000) (-96.000000 1792.000000 -576.000000) 
4 101 103 (448.000000 1792.000000 -416.000000) (448.000000 1792.000000 512.000000) (-448.000000 1792.000000 512.000000) (-448.000000 1792.000000 -416.000000) 
4 102 199 (-448.000000 1792.000000 544.000000) (-448.000000 1792.000000 512.000000) (-448.000000 1168.000000 512.000000) (-448.000000 1168.000000 544.000000) 
4 102 109 (-448.000000 1168.000000 544.000000) (-448.000000 1168.000000 512.000000) (448.000000 1168.000000 512.000000) (448.000000 1168.000000 544.000000) 
4 103 200 (-448.000000 1792.000000 512.000000) (-448.000000 1792.000000 -416.000000) (-448.000000 1168.000000 -416.000000) (-448.000000 1168.000000 512.000000) 
4 103 110 (-448.000000 1168.000000 512.000000) (-448.000000 1168.000000 -416.000000) (448.000000 1168.000000 -416.000000) (448.000000 1168.000000 512.000000) 
4 103 106 (-288.000000 1168.000000 -416.000000) (-448.000000 1168.000000 -416.000000) (-448.000000 1792.000000 -416.000000) (-288.000000 1792.000000 -416.000000) 
4 103 104 (448.000000 1168.000000 -416.000000) (-96.000000 1168.000000 -416.000000) (-96.000000 1792.000000 -416.000000) (448.000000 1792.000000 -416.000000) 
4 104 111 (-96.000000 1168.000000 -576.000000) (448.000000 1168.000000 -576.000000) (448.000000 1168.000000 -416.000000) (-96.000000 1168.000000 -416.000000) 
4 104 108 (448.000000 1791.000000 -576.000000) (448.000000 1168.000000 -576.000000) (192.000000 1168.000000 -576.000000) (192.000000 1791.000000 -576.000000) 
4 104 107 (-96.000000 1792.000000 -576.000000) (448.000000 1792.000000 -576.000000) (448.000000 1791.000000 -576.000000) (-96.000000 1791.000000 -576.000000) 
4 105 113 (-128.000000 1168.000000 -544.000000) (-128.000000 1168.000000 -448.000000) (-256.000000 1168.000000 -448.000000) (-256.000000 1168.000000 -544.000000) 
4 106 200 (-448.000000 1792.000000 -416.000000) (-448.000000 1792.000000 -576.000000) (-448.000000 1168.000000 -576.000000) (-448.000000 1168.000000 -416.000000) 
4 106 115 (-448.000000 1168.000000 -416.000000) (-448.000000 1168.000000 -576.000000) (-288.000000 1168.000000 -576.000000) (-288.000000 1168.000000 -416.000000) 
4 106 107 (-448.000000 1791.000000 -576.000000) (-448.000000 1792.000000 -576.000000) (-288.000000 1792.000000 -576.000000) (-288.000000 1791.000000 -576.000000) 
4 107 200 (-448.000000 1792.000000 -576.000000) (-448.000000 1792.000000 -640.000000) (-448.000000 1791.000000 -640.000000) (-448.000000 1791.000000 -576.000000) 
4 107 169 (-448.000000 1791.000000 -640.000000) (-448.000000 1792.000000 -640.000000) (448.000000 1792.000000 -640.000000) (448.000000 1791.000000 -640.000000) 
4 107 108 (448.000000 1791.000000 -640.000000) (448.000000 1791.000000 -576.000000) (192.000000 1791.000000 -576.000000) (192.000000 1791.000000 -640.000000) 
4 108 170 (192.000000 1791.000000 -640.000000) (448.000000 1791.000000 -640.000000) (448.000000 1168.000000 -640.000000) (192.000000 1168.000000 -640.000000) 
4 108 112 (192.000000 1168.000000 -640.000000) (448.000000 1168.000000 -640.000000) (448.000000 1168.000000 -576.000000) (192.000000 1168.000000 -576.000000) 
4 109 199 (-448.000000 1168.000000 544.000000) (-448.000000 1168.000000 512.000000) (-448.000000 576.000000 512.000000) (-448.000000 576.000000 544.000000) 
4 109 116 (-448.000000 576.000000 544.000000) (-448.000000 576.000000 512.000000) (448.000000 576.000000 512.000000) (448.000000 576.000000 544.000000) 
4 110 200 (-448.000000 1168.000000 512.000000) (-448.000000 1168.000000 -416.000000) (-448.000000 576.000000 -416.000000) (-448.000000 576.000000 512.000000) 
4 110 119 (-448.000000 576.000000 -192.000000) (-448.000000 576.000000 -384.000000) (200.000000 576.000000 -384.000000) (200.000000 576.000000 -192.000000) 
4 110 118 (200.000000 576.000000 -416.000000) (448.000000 576.000000 -416.000000) (448.000000 576.000000 -192.000000) (200.000000 576.000000 -192.000000) 
4 110 117 (-448.000000 576.000000 512.000000) (-448.000000 576.000000 -192.000000) (448.000000 576.000000 -192.000000) (448.000000 576.000000 512.000000) 
4 110 115 (-448.000000 576.000000 -416.000000) (-448.000000 1168.000000 -416.000000) (-288.000000 1168.000000 -416.000000) (-288.000000 576.000000 -416.000000) 
4 110 111 (-96.000000 1168.000000 -416.000000) (448.000000 1168.000000 -416.000000) (448.000000 576.000000 -416.000000) (-96.000000 576.000000 -416.000000) 
4 111 121 (448.000000 576.000000 -576.000000) (448.000000 576.000000 -448.000000) (192.000000 576.000000 -448.000000) (192.000000 576.000000 -576.000000) 
4 111 118 (448.000000 576.000000 -448.000000) (448.000000 576.000000 -416.000000) (200.000000 576.000000 -416.000000) (200.000000 576.000000 -448.000000) 
4 111 112 (448.000000 576.000000 -576.000000) (192.000000 576.000000 -576.000000) (192.000000 1168.000000 -576.000000) (448.000000 1168.000000 -576.000000) 
4 112 179 (192.000000 1168.000000 -640.000000) (448.000000 1168.000000 -640.000000) (448.000000 576.000000 -640.000000) (192.000000 576.000000 -640.000000) 
4 112 121 (192.000000 576.000000 -640.000000) (448.000000 576.000000 -640.000000) (448.000000 576.000000 -576.000000) (192.000000 576.000000 -576.000000) 
4 113 124 (-128.000000 576.000000 -544.000000) (-128.000000 576.000000 -448.000000) (-256.000000 576.000000 -448.000000) (-256.000000 576.000000 -544.000000) 
4 113 114 (-256.000000 1104.000000 -544.000000) (-256.000000 1168.000000 -544.000000) (-128.000000 1168.000000 -544.000000) (-128.000000 1104.000000 -544.000000) 
4 114 180 (-256.000000 1168.000000 -640.000000) (-128.000000 1168.000000 -640.000000) (-128.000000 1104.000000 -640.000000) (-256.000000 1104.000000 -640.000000) 
4 115 200 (-448.000000 1168.000000 -416.000000) (-448.000000 1168.000000 -576.000000) (-448.000000 576.000000 -576.000000) (-448.000000 576.000000 -416.000000) 
4 116 199 (-448.000000 576.000000 544.000000) (-448.000000 576.000000 512.000000) (-448.000000 64.000000 512.000000) (-448.000000 64.000000 544.000000) 
4 116 140 (-448.000000 64.000000 544.000000) (-448.000000 64.000000 512.000000) (448.000000 64.000000 512.000000) (448.000000 64.000000 544.000000) 
4 117 200 (-448.000000 576.000000 512.000000) (-448.000000 576.000000 -192.000000) (-448.000000 64.000000 -192.000000) (-448.000000 64.000000 512.000000) 
4 117 141 (-448.000000 64.000000 512.000000) (-448.000000 64.000000 -192.000000) (448.000000 64.000000 -192.000000) (448.000000 64.000000 512.000000) 
4 117 120 (-448.000000 64.000000 -192.000000) (-448.000000 128.000000 -192.000000) (128.000000 128.000000 -192.000000) (128.000000 64.000000 -192.000000) 
4 117 119 (-448.000000 128.000000 -192.000000) (-448.000000 576.000000 -192.000000) (200.000000 576.000000 -192.000000) (200.000000 128.000000 -192.000000) 
4 117 118 (200.000000 576.000000 -192.000000) (448.000000 576.000000 -192.000000) (448.000000 128.000000 -192.000000) (200.000000 128.000000 -192.000000) 
4 118 121 (200.000000 576.000000 -448.000000) (448.000000 576.000000 -448.000000) (448.000000 128.000000 -448.000000) (200.000000 128.000000 -448.000000) 
4 118 119 (200.000000 576.000000 -192.000000) (200.000000 576.000000 -384.000000) (200.000000 128.000000 -384.000000) (200.000000 128.000000 -192.000000) 
4 119 200 (-448.000000 576.000000 -192.000000) (-448.000000 576.000000 -384.000000) (-448.000000 128.000000 -384.000000) (-448.000000 128.000000 -192.000000) 
4 119 120 (128.000000 128.000000 -192.000000) (-448.000000 128.000000 -192.000000) (-448.000000 128.000000 -384.000000) (128.000000 128.000000 -384.000000) 
4 120 200 (-448.000000 64.000000 -384.000000) (-448.000000 64.000000 -192.000000) (-448.000000 128.000000 -192.000000) (-448.000000 128.000000 -384.000000) 
4 120 147 (-448.000000 64.000000 -192.000000) (-448.000000 64.000000 -384.000000) (128.000000 64.000000 -384.000000) (128.000000 64.000000 -192.000000) 
4 121 179 (192.000000 576.000000 -640.000000) (448.000000 576.000000 -640.000000) (448.000000 128.000000 -640.000000) (192.000000 128.000000 -640.000000) 
4 122 154 (-64.000000 64.000000 -640.000000) (128.000000 64.000000 -640.000000) (128.000000 64.000000 -448.000000) (-64.000000 64.000000 -448.000000) 
4 122 123 (-64.000000 192.000000 -640.000000) (-64.000000 128.000000 -640.000000) (-64.000000 128.000000 -512.000000) (-64.000000 192.000000 -512.000000) 
4 123 125 (-128.000000 192.000000 -640.000000) (-128.000000 128.000000 -640.000000) (-128.000000 128.000000 -512.000000) (-128.000000 192.000000 -512.000000) 
4 124 125 (-128.000000 512.000000 -544.000000) (-128.000000 512.000000 -448.000000) (-256.000000 512.000000 -448.000000) (-256.000000 512.000000 -544.000000) 
4 125 163 (-384.000000 64.000000 -568.000000) (-320.000000 64.000000 -589.333333) (-320.000000 64.000000 -448.000000) (-384.000000 64.000000 -448.000000) 
4 125 156 (-320.000000 64.000000 -589.333333) (-272.000000 64.000000 -605.333333) (-272.000000 64.000000 -448.000000) (-320.000000 64.000000 -448.000000) 
5 125 155 (-272.000000 64.000000 -605.333333) (-168.000000 64.000000 -640.000000) (-128.000000 64.000000 -640.000000) (-128.000000 64.000000 -448.000000) (-272.000000 64.000000 -448.000000) 
4 125 139 (-352.000000 64.000000 -578.666667) (-384.000000 64.000000 -568.000000) (-384.000000 512.000000 -568.000000) (-352.000000 512.000000 -578.666667) 
4 125 136 (-240.000000 352.000000 -616.000000) (-240.000000 360.000000 -616.000000) (-168.000000 360.000000 -640.000000) (-168.000000 352.000000 -640.000000) 
4 125 138 (-168.000000 64.000000 -640.000000) (-240.000000 64.000000 -616.000000) (-240.000000 352.000000 -616.000000) (-168.000000 352.000000 -640.000000) 
4 125 133 (-240.000000 472.000000 -616.000000) (-240.000000 480.000000 -616.000000) (-168.000000 480.000000 -640.000000) (-168.000000 472.000000 -640.000000) 
4 125 135 (-240.000000 360.000000 -616.000000) (-240.000000 472.000000 -616.000000) (-168.000000 472.000000 -640.000000) (-168.000000 360.000000 -640.000000) 
4 125 132 (-240.000000 480.000000 -616.000000) (-240.000000 512.000000 -616.000000) (-168.000000 512.000000 -640.000000) (-168.000000 480.000000 -640.000000) 
4 125 130 (-312.000000 352.000000 -592.000000) (-312.000000 456.000000 -592.000000) (-288.000000 456.000000 -600.000000) (-288.000000 352.000000 -600.000000) 
4 125 129 (-312.000000 488.000000 -592.000000) (-312.000000 512.000000 -592.000000) (-288.000000 512.000000 -600.000000) (-288.000000 488.000000 -600.000000) 
4 125 131 (-288.000000 64.000000 -600.000000) (-312.000000 64.000000 -592.000000) (-312.000000 352.000000 -592.000000) (-288.000000 352.000000 -600.000000) 
4 125 128 (-312.000000 64.000000 -592.000000) (-320.000000 64.000000 -589.333333) (-320.000000 512.000000 -589.333333) (-312.000000 512.000000 -592.000000) 
4 125 127 (-240.000000 64.000000 -616.000000) (-288.000000 64.000000 -600.000000) (-288.000000 512.000000 -600.000000) (-240.000000 512.000000 -616.000000) 
4 125 126 (-320.000000 64.000000 -589.333333) (-352.000000 64.000000 -578.666667) (-352.000000 512.000000 -578.666667) (-320.000000 512.000000 -589.333333) 
3 126 163 (-320.000000 64.000000 -589.333333) (-352.000000 64.000000 -578.666667) (-352.000000 64.000000 -600.000000) 
4 126 139 (-352.000000 64.000000 -600.000000) (-352.000000 64.000000 -578.666667) (-352.000000 512.000000 -578.666667) (-352.000000 512.000000 -600.000000) 
4 126 130 (-352.000000 352.000000 -600.000000) (-352.000000 456.000000 -600.000000) (-328.000000 456.000000 -592.000000) (-328.000000 352.000000 -592.000000) 
4 126 129 (-352.000000 488.000000 -600.000000) (-352.000000 512.000000 -600.000000) (-328.000000 512.000000 -592.000000) (-328.000000 488.000000 -592.000000) 
4 126 131 (-328.000000 64.000000 -592.000000) (-352.000000 64.000000 -600.000000) (-352.000000 352.000000 -600.000000) (-328.000000 352.000000 -592.000000) 
4 126 128 (-320.000000 64.000000 -589.333333) (-328.000000 64.000000 -592.000000) (-328.000000 512.000000 -592.000000) (-320.000000 512.000000 -589.333333) 
4 127 156 (-272.000000 64.000000 -605.333333) (-288.000000 64.000000 -600.000000) (-288.000000 64.000000 -616.000000) (-272.000000 64.000000 -616.000000) 
3 127 155 (-240.000000 64.000000 -616.000000) (-272.000000 64.000000 -605.333333) (-272.000000 64.000000 -616.000000) 
4 127 136 (-240.000000 360.000000 -616.000000) (-240.000000 352.000000 -616.000000) (-288.000000 352.000000 -616.000000) (-288.000000 360.000000 -616.000000) 
4 127 138 (-240.000000 352.000000 -616.000000) (-240.000000 64.000000 -616.000000) (-288.000000 64.000000 -616.000000) (-288.000000 352.000000 -616.000000) 
4 127 133 (-240.000000 480.000000 -616.000000) (-240.000000 472.000000 -616.000000) (-288.000000 472.000000 -616.000000) (-288.000000 480.000000 -616.000000) 
4 127 135 (-240.000000 472.000000 -616.000000) (-240.000000 360.000000 -616.000000) (-288.000000 360.000000 -616.000000) (-288.000000 472.000000 -616.000000) 
4 127 132 (-288.000000 512.000000 -616.000000) (-240.000000 512.000000 -616.000000) (-240.000000 480.000000 -616.000000) (-288.000000 480.000000 -616.000000) 
4 127 129 (-288.000000 512.000000 -600.000000) (-288.000000 512.000000 -616.000000) (-288.000000 488.000000 -616.000000) (-288.000000 488.000000 -600.000000) 
4 127 131 (-288.000000 352.000000 -616.000000) (-288.000000 64.000000 -616.000000) (-288.000000 64.000000 -600.000000) (-288.000000 352.000000 -600.000000) 
3 128 163 (-320.000000 64.000000 -589.333333) (-328.000000 64.000000 -592.000000) (-320.000000 64.000000 -592.000000) 
3 128 156 (-312.000000 64.000000 -592.000000) (-320.000000 64.000000 -589.333333) (-320.000000 64.000000 -592.000000) 
4 128 130 (-328.000000 352.000000 -592.000000) (-328.000000 456.000000 -592.000000) (-312.000000 456.000000 -592.000000) (-312.000000 352.000000 -592.000000) 
4 128 129 (-328.000000 488.000000 -592.000000) (-328.000000 512.000000 -592.000000) (-312.000000 512.000000 -592.000000) (-312.000000 488.000000 -592.000000) 
4 128 131 (-312.000000 64.000000 -592.000000) (-328.000000 64.000000 -592.000000) (-328.000000 352.000000 -592.000000) (-312.000000 352.000000 -592.000000) 
4 129 139 (-352.000000 488.000000 -600.000000) (-352.000000 512.000000 -600.000000) (-352.000000 512.000000 -616.000000) (-352.000000 488.000000 -616.000000) 
4 129 132 (-352.000000 512.000000 -616.000000) (-288.000000 512.000000 -616.000000) (-288.000000 488.000000 -616.000000) (-352.000000 488.000000 -616.000000) 
4 130 131 (-288.000000 352.000000 -600.000000) (-312.000000 352.000000 -592.000000) (-328.000000 352.000000 -592.000000) (-352.000000 352.000000 -600.000000) 
5 131 163 (-320.000000 64.000000 -592.000000) (-328.000000 64.000000 -592.000000) (-352.000000 64.000000 -600.000000) (-352.000000 64.000000 -616.000000) (-320.000000 64.000000 -616.000000) 
5 131 156 (-288.000000 64.000000 -600.000000) (-312.000000 64.000000 -592.000000) (-320.000000 64.000000 -592.000000) (-320.000000 64.000000 -616.000000) (-288.000000 64.000000 -616.000000) 
4 131 139 (-352.000000 64.000000 -616.000000) (-352.000000 64.000000 -600.000000) (-352.000000 352.000000 -600.000000) (-352.000000 352.000000 -616.000000) 
4 131 138 (-288.000000 352.000000 -616.000000) (-288.000000 64.000000 -616.000000) (-352.000000 64.000000 -616.000000) (-352.000000 352.000000 -616.000000) 
4 132 139 (-352.000000 512.000000 -640.000000) (-352.000000 480.000000 -640.000000) (-352.000000 480.000000 -616.000000) (-352.000000 512.000000 -616.000000) 
4 132 134 (-344.000000 480.000000 -640.000000) (-296.000000 480.000000 -640.000000) (-296.000000 480.000000 -616.000000) (-344.000000 480.000000 -616.000000) 
4 132 133 (-288.000000 480.000000 -640.000000) (-168.000000 480.000000 -640.000000) (-240.000000 480.000000 -616.000000) (-288.000000 480.000000 -616.000000) 
4 133 135 (-240.000000 472.000000 -616.000000) (-288.000000 472.000000 -616.000000) (-288.000000 472.000000 -640.000000) (-168.000000 472.000000 -640.000000) 
4 134 135 (-296.000000 472.000000 -616.000000) (-344.000000 472.000000 -616.000000) (-344.000000 472.000000 -640.000000) (-296.000000 472.000000 -640.000000) 
4 135 139 (-352.000000 472.000000 -640.000000) (-352.000000 360.000000 -640.000000) (-352.000000 360.000000 -616.000000) (-352.000000 472.000000 -616.000000) 
4 135 137 (-296.000000 360.000000 -616.000000) (-344.000000 360.000000 -616.000000) (-344.000000 360.000000 -640.000000) (-296.000000 360.000000 -640.000000) 
4 135 136 (-240.000000 360.000000 -616.000000) (-288.000000 360.000000 -616.000000) (-288.000000 360.000000 -640.000000) (-168.000000 360.000000 -640.000000) 
4 136 138 (-288.000000 352.000000 -640.000000) (-168.000000 352.000000 -640.000000) (-240.000000 352.000000 -616.000000) (-288.000000 352.000000 -616.000000) 
4 137 138 (-344.000000 352.000000 -640.000000) (-296.000000 352.000000 -640.000000) (-296.000000 352.000000 -616.000000) (-344.000000 352.000000 -616.000000) 
4 138 163 (-352.000000 64.000000 -640.000000) (-320.000000 64.000000 -640.000000) (-320.000000 64.000000 -616.000000) (-352.000000 64.000000 -616.000000) 
4 138 156 (-320.000000 64.000000 -640.000000) (-272.000000 64.000000 -640.000000) (-272.000000 64.000000 -616.000000) (-320.000000 64.000000 -616.000000) 
4 138 155 (-272.000000 64.000000 -640.000000) (-168.000000 64.000000 -640.000000) (-240.000000 64.000000 -616.000000) (-272.000000 64.000000 -616.000000) 
4 138 139 (-352.000000 352.000000 -640.000000) (-352.000000 64.000000 -640.000000) (-352.000000 64.000000 -616.000000) (-352.000000 352.000000 -616.000000) 
4 139 163 (-384.000000 64.000000 -640.000000) (-352.000000 64.000000 -640.000000) (-352.000000 64.000000 -578.666667) (-384.000000 64.000000 -568.000000) 
4 140 199 (-448.000000 64.000000 544.000000) (-448.000000 64.000000 512.000000) (-448.000000 -576.000000 512.000000) (-448.000000 -576.000000 544.000000) 
4 140 164 (448.000000 -576.000000 512.000000) (448.000000 -576.000000 544.000000) (-448.000000 -576.000000 544.000000) (-448.000000 -576.000000 512.000000) 
4 141 200 (-448.000000 64.000000 512.000000) (-448.000000 64.000000 -192.000000) (-448.000000 -576.000000 -192.000000) (-448.000000 -576.000000 512.000000) 
4 141 165 (448.000000 -576.000000 -192.000000) (448.000000 -576.000000 512.000000) (-448.000000 -576.000000 512.000000) (-448.000000 -576.000000 -192.000000) 
4 141 148 (448.000000 -576.000000 -192.000000) (-448.000000 -576.000000 -192.000000) (-448.000000 -192.000000 -192.000000) (448.000000 -192.000000 -192.000000) 
4 141 147 (-448.000000 -192.000000 -192.000000) (-448.000000 64.000000 -192.000000) (128.000000 64.000000 -192.000000) (128.000000 -192.000000 -192.000000) 
4 141 144 (383.000000 -127.000000 -192.000000) (383.000000 -128.000000 -192.000000) (192.000000 -128.000000 -192.000000) (192.000000 -127.000000 -192.000000) 
4 141 143 (192.000000 64.000000 -192.000000) (383.000000 64.000000 -192.000000) (383.000000 63.000000 -192.000000) (192.000000 63.000000 -192.000000) 
4 141 142 (383.000000 64.000000 -192.000000) (384.000000 64.000000 -192.000000) (384.000000 -128.000000 -192.000000) (383.000000 -128.000000 -192.000000) 
4 142 151 (383.000000 64.000000 -448.000000) (384.000000 64.000000 -448.000000) (384.000000 -128.000000 -448.000000) (383.000000 -128.000000 -448.000000) 
4 142 146 (383.000000 64.000000 -448.000000) (383.000000 -128.000000 -448.000000) (383.000000 -128.000000 -384.000000) (383.000000 64.000000 -384.000000) 
4 142 144 (383.000000 -128.000000 -220.000000) (383.000000 -128.000000 -192.000000) (383.000000 -127.000000 -192.000000) (383.000000 -127.000000 -220.000000) 
4 142 143 (383.000000 63.000000 -192.000000) (383.000000 64.000000 -192.000000) (383.000000 64.000000 -220.000000) (383.000000 63.000000 -220.000000) 
4 142 145 (383.000000 -128.000000 -384.000000) (383.000000 -128.000000 -220.000000) (383.000000 64.000000 -220.000000) (383.000000 64.000000 -384.000000) 
4 143 145 (192.000000 63.000000 -220.000000) (192.000000 64.000000 -220.000000) (383.000000 64.000000 -220.000000) (383.000000 63.000000 -220.000000) 
4 144 145 (383.000000 -128.000000 -220.000000) (192.000000 -128.000000 -220.000000) (192.000000 -127.000000 -220.000000) (383.000000 -127.000000 -220.000000) 
4 145 146 (200.000000 64.000000 -384.000000) (383.000000 64.000000 -384.000000) (383.000000 -128.000000 -384.000000) (200.000000 -128.000000 -384.000000) 
4 146 151 (200.000000 64.000000 -448.000000) (383.000000 64.000000 -448.000000) (383.000000 -128.000000 -448.000000) (200.000000 -128.000000 -448.000000) 
4 147 200 (-448.000000 64.000000 -192.000000) (-448.000000 64.000000 -384.000000) (-448.000000 -192.000000 -384.000000) (-448.000000 -192.000000 -192.000000) 
4 147 148 (-448.000000 -192.000000 -192.000000) (-448.000000 -192.000000 -384.000000) (128.000000 -192.000000 -384.000000) (128.000000 -192.000000 -192.000000) 
4 148 200 (-448.000000 -576.000000 -384.000000) (-448.000000 -576.000000 -192.000000) (-448.000000 -192.000000 -192.000000) (-448.000000 -192.000000 -384.000000) 
4 148 165 (448.000000 -576.000000 -384.000000) (448.000000 -576.000000 -192.000000) (-448.000000 -576.000000 -192.000000) (-448.000000 -576.000000 -384.000000) 
4 148 150 (-448.000000 -576.000000 -384.000000) (-448.000000 -544.000000 -384.000000) (200.000000 -544.000000 -384.000000) (200.000000 -576.000000 -384.000000) 
4 148 149 (200.000000 -192.000000 -384.000000) (448.000000 -192.000000 -384.000000) (448.000000 -576.000000 -384.000000) (200.000000 -576.000000 -384.000000) 
4 149 165 (448.000000 -576.000000 -448.000000) (448.000000 -576.000000 -384.000000) (200.000000 -576.000000 -384.000000) (200.000000 -576.000000 -448.000000) 
4 149 152 (200.000000 -192.000000 -448.000000) (448.000000 -192.000000 -448.000000) (448.000000 -576.000000 -448.000000) (200.000000 -576.000000 -448.000000) 
4 149 150 (200.000000 -544.000000 -448.000000) (200.000000 -576.000000 -448.000000) (200.000000 -576.000000 -384.000000) (200.000000 -544.000000 -384.000000) 
4 150 200 (-448.000000 -544.000000 -448.000000) (-448.000000 -576.000000 -448.000000) (-448.000000 -576.000000 -384.000000) (-448.000000 -544.000000 -384.000000) 
4 150 165 (200.000000 -576.000000 -384.000000) (-448.000000 -576.000000 -384.000000) (-448.000000 -576.000000 -448.000000) (200.000000 -576.000000 -448.000000) 
4 150 152 (192.000000 -544.000000 -448.000000) (200.000000 -544.000000 -448.000000) (200.000000 -576.000000 -448.000000) (192.000000 -576.000000 -448.000000) 
4 151 153 (192.000000 -64.000000 -448.000000) (192.000000 -0.000000 -448.000000) (192.000000 -0.000000 -640.000000) (192.000000 -64.000000 -640.000000) 
4 152 187 (448.000000 -192.000000 -640.000000) (448.000000 -576.000000 -640.000000) (192.000000 -576.000000 -640.000000) (192.000000 -192.000000 -640.000000) 
4 152 165 (192.000000 -576.000000 -640.000000) (448.000000 -576.000000 -640.000000) (448.000000 -576.000000 -448.000000) (192.000000 -576.000000 -448.000000) 
4 153 154 (128.000000 -0.000000 -640.000000) (128.000000 -64.000000 -640.000000) (128.000000 -64.000000 -448.000000) (128.000000 -0.000000 -448.000000) 
4 155 160 (-272.000000 -448.000000 -448.000000) (-272.000000 -436.000000 -448.000000) (-272.000000 -436.000000 -560.000000) (-272.000000 -448.000000 -560.000000) 
4 155 159 (-272.000000 -412.000000 -640.000000) (-272.000000 -436.000000 -640.000000) (-272.000000 -436.000000 -617.143000) (-272.000000 -412.000000 -617.143000) 
4 155 157 (-272.000000 -436.000000 -448.000000) (-272.000000 -400.000000 -448.000000) (-272.000000 -400.000000 -605.714000) (-272.000000 -436.000000 -605.714000) 
4 155 156 (-272.000000 -400.000000 -448.000000) (-272.000000 64.000000 -448.000000) (-272.000000 64.000000 -640.000000) (-272.000000 -400.000000 -640.000000) 
4 155 162 (-272.000000 -512.000000 -640.000000) (-272.000000 -512.000000 -448.000000) (-272.000000 -448.000000 -448.000000) (-272.000000 -448.000000 -640.000000) 
4 156 163 (-320.000000 64.000000 -448.000000) (-320.000000 64.000000 -640.000000) (-320.000000 -400.000000 -640.000000) (-320.000000 -400.000000 -448.000000) 
4 156 158 (-308.000000 -400.000000 -640.000000) (-284.000000 -400.000000 -640.000000) (-284.000000 -400.000000 -617.143000) (-308.000000 -400.000000 -617.143000) 
4 156 157 (-272.000000 -400.000000 -605.714000) (-272.000000 -400.000000 -448.000000) (-320.000000 -400.000000 -448.000000) (-320.000000 -400.000000 -605.714000) 
4 157 163 (-320.000000 -436.000000 -605.714000) (-320.000000 -436.000000 -448.000000) (-320.000000 -400.000000 -448.000000) (-320.000000 -400.000000 -605.714000) 
4 157 160 (-320.000000 -436.000000 -448.000000) (-320.000000 -436.000000 -560.000000) (-272.000000 -436.000000 -560.000000) (-272.000000 -436.000000 -448.000000) 
4 158 159 (-284.000000 -412.000000 -617.143000) (-308.000000 -412.000000 -617.143000) (-308.000000 -412.000000 -640.000000) (-284.000000 -412.000000 -640.000000) 
4 159 163 (-320.000000 -412.000000 -640.000000) (-320.000000 -436.000000 -640.000000) (-320.000000 -436.000000 -617.143000) (-320.000000 -412.000000 -617.143000) 
4 159 161 (-308.000000 -436.000000 -640.000000) (-284.000000 -436.000000 -640.000000) (-284.000000 -436.000000 -617.143000) (-308.000000 -436.000000 -617.143000) 
4 160 163 (-320.000000 -448.000000 -560.000000) (-320.000000 -448.000000 -448.000000) (-320.000000 -436.000000 -448.000000) (-320.000000 -436.000000 -560.000000) 
4 160 162 (-320.000000 -448.000000 -448.000000) (-320.000000 -448.000000 -560.000000) (-272.000000 -448.000000 -560.000000) (-272.000000 -448.000000 -448.000000) 
4 161 162 (-308.000000 -448.000000 -640.000000) (-284.000000 -448.000000 -640.000000) (-284.000000 -448.000000 -617.143000) (-308.000000 -448.000000 -617.143000) 
4 162 163 (-320.000000 -448.000000 -640.000000) (-320.000000 -512.000000 -640.000000) (-320.000000 -512.000000 -448.000000) (-320.000000 -448.000000 -448.000000) 
4 164 199 (-448.000000 -2480.000000 544.000000) (-448.000000 -576.000000 544.000000) (-448.000000 -576.000000 512.000000) (-448.000000 -2480.000000 512.000000) 
4 164 166 (-448.000000 -2480.000000 512.000000) (-448.000000 -2438.580000 512.000000) (448.000000 -2438.580000 512.000000) (448.000000 -2480.000000 512.000000) 
4 165 200 (-448.000000 -576.000000 512.000000) (-448.000000 -576.000000 -640.000000) (-448.000000 -2438.580000 -640.000000) (-448.000000 -2438.580000 512.000000) 
4 165 196 (-448.000000 -2438.580000 -640.000000) (-448.000000 -1895.000000 -640.000000) (448.000000 -1895.000000 -640.000000) (448.000000 -2438.580000 -640.000000) 
4 165 190 (-448.000000 -1895.000000 -640.000000) (-448.000000 -576.000000 -640.000000) (-384.000000 -576.000000 -640.000000) (-384.000000 -1895.000000 -640.000000) 
4 165 189 (128.000000 -576.000000 -640.000000) (192.000000 -576.000000 -640.000000) (192.000000 -1895.000000 -640.000000) (128.000000 -1895.000000 -640.000000) 
4 165 187 (192.000000 -576.000000 -640.000000) (448.000000 -576.000000 -640.000000) (448.000000 -1895.000000 -640.000000) (192.000000 -1895.000000 -640.000000) 
4 166 201 (-448.000000 -2438.580000 -640.000000) (-448.000000 -2480.000000 -640.000000) (-448.000000 -2480.000000 512.000000) (-448.000000 -2438.580000 512.000000) 
4 166 197 (-448.000000 -2480.000000 -640.000000) (-448.000000 -2438.580000 -640.000000) (448.000000 -2438.580000 -640.000000) (448.000000 -2480.000000 -640.000000) 
4 167 200 (-448.000000 1792.000000 -1392.000000) (-448.000000 1792.000000 -640.000000) (-448.000000 3196.000000 -640.000000) (-448.000000 3196.000000 -1392.000000) 
4 167 177 (448.000000 1792.000000 -1392.000000) (448.000000 1792.000000 -1189.000000) (-448.000000 1792.000000 -1189.000000) (-448.000000 1792.000000 -1392.000000) 
4 167 176 (192.000000 1792.000000 -1036.000000) (-448.000000 1792.000000 -1036.000000) (-448.000000 1792.000000 -1189.000000) (192.000000 1792.000000 -1189.000000) 
4 167 175 (448.000000 1792.000000 -1189.000000) (448.000000 1792.000000 -1036.000000) (192.000000 1792.000000 -1036.000000) (192.000000 1792.000000 -1189.000000) 
4 167 172 (-384.000000 1792.000000 -704.000000) (-448.000000 1792.000000 -704.000000) (-448.000000 1792.000000 -1036.000000) (-384.000000 1792.000000 -1036.000000) 
4 167 171 (448.000000 1792.000000 -1036.000000) (448.000000 1792.000000 -704.000000) (128.000000 1792.000000 -704.000000) (128.000000 1792.000000 -1036.000000) 
4 167 169 (448.000000 1792.000000 -704.000000) (448.000000 1792.000000 -640.000000) (-448.000000 1792.000000 -640.000000) (-448.000000 1792.000000 -704.000000) 
4 168 203 (-448.000000 1792.000000 -1424.000000) (-448.000000 1792.000000 -1392.000000) (-448.000000 3196.000000 -1392.000000) (-448.000000 3196.000000 -1424.000000) 
4 168 178 (448.000000 1792.000000 -1424.000000) (448.000000 1792.000000 -1392.000000) (-448.000000 1792.000000 -1392.000000) (-448.000000 1792.000000 -1424.000000) 
4 169 200 (-448.000000 1791.000000 -640.000000) (-448.000000 1792.000000 -640.000000) (-448.000000 1792.000000 -704.000000) (-448.000000 1791.000000 -704.000000) 
4 169 172 (-448.000000 1791.000000 -704.000000) (-448.000000 1792.000000 -704.000000) (-384.000000 1792.000000 -704.000000) (-384.000000 1791.000000 -704.000000) 
4 169 171 (128.000000 1792.000000 -704.000000) (448.000000 1792.000000 -704.000000) (448.000000 1791.000000 -704.000000) (128.000000 1791.000000 -704.000000) 
4 169 170 (448.000000 1791.000000 -704.000000) (448.000000 1791.000000 -640.000000) (192.000000 1791.000000 -640.000000) (192.000000 1791.000000 -704.000000) 
4 170 179 (192.000000 1168.000000 -704.000000) (448.000000 1168.000000 -704.000000) (448.000000 1168.000000 -640.000000) (192.000000 1168.000000 -640.000000) 
4 170 173 (448.000000 1168.000000 -704.000000) (192.000000 1168.000000 -704.000000) (192.000000 1791.000000 -704.000000) (448.000000 1791.000000 -704.000000) 
4 171 176 (128.000000 1792.000000 -1036.000000) (192.000000 1792.000000 -1036.000000) (192.000000 1791.000000 -1036.000000) (128.000000 1791.000000 -1036.000000) 
4 171 175 (192.000000 1792.000000 -1036.000000) (448.000000 1792.000000 -1036.000000) (448.000000 1791.000000 -1036.000000) (192.000000 1791.000000 -1036.000000) 
4 171 173 (192.000000 1791.000000 -1036.000000) (448.000000 1791.000000 -1036.000000) (448.000000 1791.000000 -704.000000) (192.000000 1791.000000 -704.000000) 
4 172 200 (-448.000000 1791.000000 -704.000000) (-448.000000 1792.000000 -704.000000) (-448.000000 1792.000000 -1036.000000) (-448.000000 1791.000000 -1036.000000) 
4 172 176 (-448.000000 1791.000000 -1036.000000) (-448.000000 1792.000000 -1036.000000) (-384.000000 1792.000000 -1036.000000) (-384.000000 1791.000000 -1036.000000) 
4 173 181 (192.000000 1168.000000 -1036.000000) (448.000000 1168.000000 -1036.000000) (448.000000 1168.000000 -704.000000) (192.000000 1168.000000 -704.000000) 
4 173 175 (192.000000 1791.000000 -1036.000000) (448.000000 1791.000000 -1036.000000) (448.000000 1168.000000 -1036.000000) (192.000000 1168.000000 -1036.000000) 
4 174 182 (-384.000000 1168.000000 -1036.000000) (128.000000 1168.000000 -1036.000000) (128.000000 1168.000000 -704.000000) (-384.000000 1168.000000 -704.000000) 
4 175 181 (192.000000 1168.000000 -1189.000000) (448.000000 1168.000000 -1189.000000) (448.000000 1168.000000 -1036.000000) (192.000000 1168.000000 -1036.000000) 
4 175 177 (192.000000 1792.000000 -1189.000000) (448.000000 1792.000000 -1189.000000) (448.000000 1168.000000 -1189.000000) (192.000000 1168.000000 -1189.000000) 
4 175 176 (192.000000 1784.770000 -1036.000000) (192.000000 1792.000000 -1036.000000) (192.000000 1792.000000 -1189.000000) (192.000000 1784.770000 -1189.000000) 
4 176 200 (-448.000000 1784.770000 -1036.000000) (-448.000000 1792.000000 -1036.000000) (-448.000000 1792.000000 -1189.000000) (-448.000000 1784.770000 -1189.000000) 
4 176 177 (-448.000000 1784.770000 -1189.000000) (-448.000000 1792.000000 -1189.000000) (192.000000 1792.000000 -1189.000000) (192.000000 1784.770000 -1189.000000) 
4 177 200 (-448.000000 1168.000000 -1392.000000) (-448.000000 1168.000000 -1189.000000) (-448.000000 1792.000000 -1189.000000) (-448.000000 1792.000000 -1392.000000) 
4 177 183 (-448.000000 1168.000000 -1189.000000) (-448.000000 1168.000000 -1392.000000) (448.000000 1168.000000 -1392.000000) (448.000000 1168.000000 -1189.000000) 
4 178 203 (-448.000000 1168.000000 -1424.000000) (-448.000000 1168.000000 -1392.000000) (-448.000000 1792.000000 -1392.000000) (-448.000000 1792.000000 -1424.000000) 
4 178 184 (-448.000000 1168.000000 -1392.000000) (-448.000000 1168.000000 -1424.000000) (448.000000 1168.000000 -1424.000000) (448.000000 1168.000000 -1392.000000) 
4 179 186 (384.000000 128.000000 -640.000000) (192.000000 128.000000 -640.000000) (192.000000 128.000000 -704.000000) (384.000000 128.000000 -704.000000) 
4 179 185 (448.000000 128.000000 -704.000000) (448.000000 128.000000 -640.000000) (384.000000 128.000000 -640.000000) (384.000000 128.000000 -704.000000) 
4 179 181 (448.000000 128.000000 -704.000000) (192.000000 128.000000 -704.000000) (192.000000 1168.000000 -704.000000) (448.000000 1168.000000 -704.000000) 
4 180 182 (-256.000000 1168.000000 -704.000000) (-128.000000 1168.000000 -704.000000) (-128.000000 1104.000000 -704.000000) (-256.000000 1104.000000 -704.000000) 
4 181 191 (448.000000 128.000000 -1189.000000) (448.000000 128.000000 -704.000000) (192.000000 128.000000 -704.000000) (192.000000 128.000000 -1189.000000) 
4 181 183 (448.000000 128.000000 -1189.000000) (192.000000 128.000000 -1189.000000) (192.000000 1168.000000 -1189.000000) (448.000000 1168.000000 -1189.000000) 
4 182 192 (128.000000 128.000000 -704.000000) (-384.000000 128.000000 -704.000000) (-384.000000 128.000000 -1036.000000) (128.000000 128.000000 -1036.000000) 
4 183 200 (-448.000000 128.000000 -1392.000000) (-448.000000 128.000000 -1189.000000) (-448.000000 1168.000000 -1189.000000) (-448.000000 1168.000000 -1392.000000) 
4 183 194 (448.000000 128.000000 -1392.000000) (448.000000 128.000000 -1189.000000) (-448.000000 128.000000 -1189.000000) (-448.000000 128.000000 -1392.000000) 
4 184 203 (-448.000000 128.000000 -1424.000000) (-448.000000 128.000000 -1392.000000) (-448.000000 1168.000000 -1392.000000) (-448.000000 1168.000000 -1424.000000) 
4 184 195 (448.000000 128.000000 -1424.000000) (448.000000 128.000000 -1392.000000) (-448.000000 128.000000 -1392.000000) (-448.000000 128.000000 -1424.000000) 
4 185 191 (384.000000 128.000000 -704.000000) (448.000000 128.000000 -704.000000) (448.000000 -128.000000 -704.000000) (384.000000 -128.000000 -704.000000) 
4 185 186 (384.000000 128.000000 -640.000000) (384.000000 128.000000 -704.000000) (384.000000 64.000000 -704.000000) (384.000000 64.000000 -640.000000) 
4 185 187 (384.000000 -128.000000 -704.000000) (448.000000 -128.000000 -704.000000) (448.000000 -128.000000 -640.000000) (384.000000 -128.000000 -640.000000) 
4 186 191 (192.000000 64.000000 -704.000000) (192.000000 128.000000 -704.000000) (384.000000 128.000000 -704.000000) (384.000000 64.000000 -704.000000) 
4 186 188 (192.000000 128.000000 -640.000000) (192.000000 128.000000 -704.000000) (192.000000 64.000000 -704.000000) (192.000000 64.000000 -640.000000) 
4 187 196 (192.000000 -1895.000000 -704.000000) (448.000000 -1895.000000 -704.000000) (448.000000 -1895.000000 -640.000000) (192.000000 -1895.000000 -640.000000) 
4 187 191 (192.000000 -1845.170000 -704.000000) (192.000000 -128.000000 -704.000000) (448.000000 -128.000000 -704.000000) (448.000000 -1845.170000 -704.000000) 
4 187 193 (448.000000 -1895.000000 -704.000000) (192.000000 -1895.000000 -704.000000) (192.000000 -1845.170000 -704.000000) (448.000000 -1845.170000 -704.000000) 
4 187 189 (192.000000 -128.000000 -704.000000) (192.000000 -1895.000000 -704.000000) (192.000000 -1895.000000 -640.000000) (192.000000 -128.000000 -640.000000) 
4 189 196 (128.000000 -1895.000000 -704.000000) (192.000000 -1895.000000 -704.000000) (192.000000 -1895.000000 -640.000000) (128.000000 -1895.000000 -640.000000) 
4 189 193 (192.000000 -1895.000000 -704.000000) (128.000000 -1895.000000 -704.000000) (128.000000 -1845.170000 -704.000000) (192.000000 -1845.170000 -704.000000) 
4 190 200 (-448.000000 -1895.000000 -704.000000) (-448.000000 -1895.000000 -640.000000) (-448.000000 128.000000 -640.000000) (-448.000000 128.000000 -704.000000) 
4 190 196 (-448.000000 -1895.000000 -640.000000) (-448.000000 -1895.000000 -704.000000) (-384.000000 -1895.000000 -704.000000) (-384.000000 -1895.000000 -640.000000) 
4 190 193 (-384.000000 -1895.000000 -704.000000) (-448.000000 -1895.000000 -704.000000) (-448.000000 -1845.170000 -704.000000) (-384.000000 -1845.170000 -704.000000) 
4 191 194 (192.000000 128.000000 -1189.000000) (448.000000 128.000000 -1189.000000) (448.000000 -1845.170000 -1189.000000) (192.000000 -1845.170000 -1189.000000) 
4 191 193 (192.000000 -1845.170000 -1189.000000) (448.000000 -1845.170000 -1189.000000) (448.000000 -1845.170000 -704.000000) (192.000000 -1845.170000 -704.000000) 
4 192 193 (-384.000000 -1845.170000 -1036.000000) (128.000000 -1845.170000 -1036.000000) (128.000000 -1845.170000 -704.000000) (-384.000000 -1845.170000 -704.000000) 
4 193 200 (-448.000000 -1895.000000 -1189.000000) (-448.000000 -1895.000000 -704.000000) (-448.000000 -1845.170000 -704.000000) (-448.000000 -1845.170000 -1189.000000) 
4 193 196 (-448.000000 -1895.000000 -704.000000) (-448.000000 -1895.000000 -1189.000000) (448.000000 -1895.000000 -1189.000000) (448.000000 -1895.000000 -704.000000) 
4 193 194 (-448.000000 -1895.000000 -1189.000000) (-448.000000 -1845.170000 -1189.000000) (448.000000 -1845.170000 -1189.000000) (448.000000 -1895.000000 -1189.000000) 
4 194 200 (-448.000000 -1895.000000 -1392.000000) (-448.000000 -1895.000000 -1189.000000) (-448.000000 128.000000 -1189.000000) (-448.000000 128.000000 -1392.000000) 
4 194 196 (-448.000000 -1895.000000 -1189.000000) (-448.000000 -1895.000000 -1392.000000) (448.000000 -1895.000000 -1392.000000) (448.000000 -1895.000000 -1189.000000) 
4 195 203 (-448.000000 -1895.000000 -1424.000000) (-448.000000 -1895.000000 -1392.000000) (-448.000000 128.000000 -1392.000000) (-448.000000 128.000000 -1424.000000) 
4 195 198 (-448.000000 -1895.000000 -1392.000000) (-448.000000 -1895.000000 -1424.000000) (448.000000 -1895.000000 -1424.000000) (448.000000 -1895.000000 -1392.000000) 
4 196 200 (-448.000000 -2438.580000 -640.000000) (-448.000000 -1895.000000 -640.000000) (-448.000000 -1895.000000 -1392.000000) (-448.000000 -2438.580000 -1392.000000) 
4 197 201 (-448.000000 -2480.000000 -640.000000) (-448.000000 -2438.580000 -640.000000) (-448.000000 -2438.580000 -1392.000000) (-448.000000 -2480.000000 -1392.000000) 
4 197 198 (-448.000000 -2480.000000 -1392.000000) (-448.000000 -2438.580000 -1392.000000) (448.000000 -2438.580000 -1392.000000) (448.000000 -2480.000000 -1392.000000) 
4 198 203 (-448.000000 -1895.000000 -1392.000000) (-448.000000 -1895.000000 -1424.000000) (-448.000000 -2480.000000 -1424.000000) (-448.000000 -2480.000000 -1392.000000) 
4 199 201 (-448.000000 -2438.580000 512.000000) (-448.000000 -2480.000000 512.000000) (-2144.000000 -2480.000000 512.000000) (-2144.000000 -2438.580000 512.000000) 
4 199 202 (-2176.000000 -2480.000000 512.000000) (-2176.000000 3196.000000 512.000000) (-2144.000000 3196.000000 512.000000) (-2144.000000 -2480.000000 512.000000) 
4 201 202 (-2144.000000 -2438.580000 -1392.000000) (-2144.000000 -2480.000000 -1392.000000) (-2144.000000 -2480.000000 512.000000) (-2144.000000 -2438.580000 512.000000) 
4 201 203 (-448.000000 -2438.580000 -1392.000000) (-448.000000 -2480.000000 -1392.000000) (-2144.000000 -2480.000000 -1392.000000) (-2144.000000 -2438.580000 -1392.000000) 
4 202 203 (-2176.000000 -2480.000000 -1392.000000) (-2176.000000 3196.000000 -1392.000000) (-2144.000000 3196.000000 -1392.000000) (-2144.000000 -2480.000000 -1392.000000) 
